#
# There is insufficient memory for the Java Runtime Environment to continue.
# Native memory allocation (malloc) failed to allocate 32744 bytes for ChunkPool::allocate
# Possible reasons:
#   The system is out of physical RAM or swap space
#   In 32 bit mode, the process size limit was hit
# Possible solutions:
#   Reduce memory load on the system
#   Increase physical memory or swap space
#   Check if swap backing store is full
#   Use 64 bit Java on a 64 bit OS
#   Decrease Java heap size (-Xmx/-Xms)
#   Decrease number of Java threads
#   Decrease Java thread stack sizes (-Xss)
#   Set larger code cache with -XX:ReservedCodeCacheSize=
# This output file may be truncated or incomplete.
#
#  Out of Memory Error (allocation.cpp:211), pid=6104, tid=4364
#
# JRE version: Java(TM) SE Runtime Environment (7.0_76-b13) (build 1.7.0_76-b13)
# Java VM: Java HotSpot(TM) 64-Bit Server VM (24.76-b04 mixed mode windows-amd64 compressed oops)
# Failed to write core dump. Minidumps are not enabled by default on client versions of Windows
#

---------------  T H R E A D  ---------------

Current thread (0x0000000002ec0800):  JavaThread "main" [_thread_in_vm, id=4364, stack(0x0000000002cd0000,0x0000000002dd0000)]

Stack: [0x0000000002cd0000,0x0000000002dd0000]
Java frames: (J=compiled Java code, j=interpreted, Vv=VM code)
j  java.util.zip.ZipFile.<init>(Ljava/io/File;ILjava/nio/charset/Charset;)V+21
j  java.util.zip.ZipFile.<init>(Ljava/io/File;I)V+6
j  java.util.jar.JarFile.<init>(Ljava/io/File;ZI)V+3
j  java.util.jar.JarFile.<init>(Ljava/lang/String;)V+11
j  sun.misc.URLClassPath$JarLoader.getJarFile(Ljava/net/URL;)Ljava/util/jar/JarFile;+44
j  sun.misc.URLClassPath$JarLoader.access$600(Lsun/misc/URLClassPath$JarLoader;Ljava/net/URL;)Ljava/util/jar/JarFile;+2
j  sun.misc.URLClassPath$JarLoader$1.run()Ljava/lang/Void;+55
j  sun.misc.URLClassPath$JarLoader$1.run()Ljava/lang/Object;+1
v  ~StubRoutines::call_stub
j  java.security.AccessController.doPrivileged(Ljava/security/PrivilegedExceptionAction;)Ljava/lang/Object;+0
j  sun.misc.URLClassPath$JarLoader.ensureOpen()V+15
j  sun.misc.URLClassPath$JarLoader.<init>(Ljava/net/URL;Ljava/net/URLStreamHandler;Ljava/util/HashMap;)V+137
j  sun.misc.URLClassPath$3.run()Lsun/misc/URLClassPath$Loader;+82
j  sun.misc.URLClassPath$3.run()Ljava/lang/Object;+1
v  ~StubRoutines::call_stub
j  java.security.AccessController.doPrivileged(Ljava/security/PrivilegedExceptionAction;)Ljava/lang/Object;+0
j  sun.misc.URLClassPath.getLoader(Ljava/net/URL;)Lsun/misc/URLClassPath$Loader;+9
j  sun.misc.URLClassPath.getLoader(I)Lsun/misc/URLClassPath$Loader;+87
j  sun.misc.URLClassPath.getResource(Ljava/lang/String;Z)Lsun/misc/Resource;+42
j  java.net.URLClassLoader$1.run()Ljava/lang/Class;+26
j  java.net.URLClassLoader$1.run()Ljava/lang/Object;+1
v  ~StubRoutines::call_stub
j  java.security.AccessController.doPrivileged(Ljava/security/PrivilegedExceptionAction;Ljava/security/AccessControlContext;)Ljava/lang/Object;+0
j  java.net.URLClassLoader.findClass(Ljava/lang/String;)Ljava/lang/Class;+13
j  java.lang.ClassLoader.loadClass(Ljava/lang/String;Z)Ljava/lang/Class;+70
j  sun.misc.Launcher$AppClassLoader.loadClass(Ljava/lang/String;Z)Ljava/lang/Class;+36
j  java.lang.ClassLoader.loadClass(Ljava/lang/String;)Ljava/lang/Class;+3
j  sun.launcher.LauncherHelper.checkAndLoadMain(ZILjava/lang/String;)Ljava/lang/Class;+114
v  ~StubRoutines::call_stub

---------------  P R O C E S S  ---------------

Java Threads: ( => current thread )
  0x0000000002fba000 JavaThread "Service Thread" daemon [_thread_new, id=4904, stack(0x000000000b9d0000,0x000000000bad0000)]
  0x0000000002faf000 JavaThread "C2 CompilerThread1" daemon [_thread_blocked, id=4976, stack(0x000000000b8d0000,0x000000000b9d0000)]
  0x000000000b1f1000 JavaThread "C2 CompilerThread0" daemon [_thread_blocked, id=6048, stack(0x000000000b7d0000,0x000000000b8d0000)]
  0x0000000002fad800 JavaThread "Attach Listener" daemon [_thread_new, id=8348, stack(0x0000000000000000,0x0000000000000000)]
  0x000000000b1f0800 JavaThread "Signal Dispatcher" daemon [_thread_blocked, id=5660, stack(0x000000000b5d0000,0x000000000b6d0000)]
  0x0000000009201800 JavaThread "Finalizer" daemon [_thread_blocked, id=8836, stack(0x000000000b0d0000,0x000000000b1d0000)]
  0x00000000091fb000 JavaThread "Reference Handler" daemon [_thread_blocked, id=6332, stack(0x000000000afd0000,0x000000000b0d0000)]
=>0x0000000002ec0800 JavaThread "main" [_thread_in_vm, id=4364, stack(0x0000000002cd0000,0x0000000002dd0000)]

Other Threads:
  0x00000000091f6000 VMThread [stack: 0x000000000aed0000,0x000000000afd0000] [id=876]
  0x0000000002fbe000 WatcherThread [stack: 0x000000000bad0000,0x000000000bbd0000] [id=8652]

VM state:not at safepoint (normal execution)

VM Mutex/Monitor currently owned by a thread: None

Heap
 PSYoungGen      total 37376K, used 1290K [0x00000000eaa80000, 0x00000000ed400000, 0x0000000100000000)
  eden space 32256K, 4% used [0x00000000eaa80000,0x00000000eabc29e8,0x00000000eca00000)
  from space 5120K, 0% used [0x00000000ecf00000,0x00000000ecf00000,0x00000000ed400000)
  to   space 5120K, 0% used [0x00000000eca00000,0x00000000eca00000,0x00000000ecf00000)
 ParOldGen       total 84992K, used 0K [0x00000000c0000000, 0x00000000c5300000, 0x00000000eaa80000)
  object space 84992K, 0% used [0x00000000c0000000,0x00000000c0000000,0x00000000c5300000)
 PSPermGen       total 21504K, used 2321K [0x00000000bae00000, 0x00000000bc300000, 0x00000000c0000000)
  object space 21504K, 10% used [0x00000000bae00000,0x00000000bb044518,0x00000000bc300000)

Card table byte_map: [0x0000000005fc0000,0x00000000061f0000] byte_map_base: 0x00000000059e9000

Polling page: 0x0000000000f20000

Code Cache  [0x0000000002fc0000, 0x0000000003230000, 0x0000000005fc0000)
 total_blobs=162 nmethods=0 adapters=130 free_code_cache=48775Kb largest_free_block=49946240

Compilation events (0 events):
No events

GC Heap History (0 events):
No events

Deoptimization events (0 events):
No events

Internal exceptions (2 events):
Event: 0.114 Thread 0x0000000002ec0800 Threw 0x00000000eaa8a240 at C:\re\jdk7u76\1941\hotspot\src\share\vm\prims\jni.cpp:3991
Event: 0.172 Thread 0x0000000002ec0800 Threw 0x00000000eaacc9f8 at C:\re\jdk7u76\1941\hotspot\src\share\vm\prims\jvm.cpp:1304

Events (10 events):
Event: 0.174 loading class 0x0000000002f67700
Event: 0.174 loading class 0x0000000002f67700 done
Event: 0.174 loading class 0x0000000002f67720
Event: 0.174 loading class 0x0000000002f67720 done
Event: 0.174 loading class 0x0000000002f676e0
Event: 0.174 loading class 0x0000000002f676e0 done
Event: 0.174 loading class 0x0000000002f66200
Event: 0.174 loading class 0x0000000002f66220
Event: 0.174 loading class 0x000000000b1f2980
Event: 0.174 loading class 0x000000000b1f2980 done


Dynamic libraries:
0x00007ff607740000 - 0x00007ff607773000 	C:\Program Files\Java\jdk1.7.0_76\bin\java.exe
0x00007ffaf4130000 - 0x00007ffaf42dc000 	C:\WINDOWS\SYSTEM32\ntdll.dll
0x00007ffaf1a80000 - 0x00007ffaf1bbe000 	C:\WINDOWS\system32\KERNEL32.DLL
0x00007ffaf13b0000 - 0x00007ffaf14c5000 	C:\WINDOWS\system32\KERNELBASE.dll
0x00007ffaef830000 - 0x00007ffaef8be000 	C:\WINDOWS\system32\apphelp.dll
0x00007ffadefa0000 - 0x00007ffadeff3000 	C:\WINDOWS\AppPatch\AppPatch64\AcGenral.DLL
0x00007ffaf1910000 - 0x00007ffaf19ba000 	C:\WINDOWS\system32\msvcrt.dll
0x00007ffaf1090000 - 0x00007ffaf10be000 	C:\WINDOWS\SYSTEM32\SspiCli.dll
0x00007ffaf1a20000 - 0x00007ffaf1a74000 	C:\WINDOWS\system32\SHLWAPI.dll
0x00007ffaf3b70000 - 0x00007ffaf3ce7000 	C:\WINDOWS\system32\USER32.dll
0x00007ffaf39c0000 - 0x00007ffaf3b54000 	C:\WINDOWS\system32\ole32.dll
0x00007ffaf2020000 - 0x00007ffaf3539000 	C:\WINDOWS\system32\SHELL32.dll
0x00007ffaf0a50000 - 0x00007ffaf0a71000 	C:\WINDOWS\SYSTEM32\USERENV.dll
0x00007ffaf3f50000 - 0x00007ffaf3ffa000 	C:\WINDOWS\system32\ADVAPI32.dll
0x00007ffadd030000 - 0x00007ffadd04e000 	C:\WINDOWS\SYSTEM32\MPR.dll
0x00007ffaf17c0000 - 0x00007ffaf1901000 	C:\WINDOWS\system32\RPCRT4.dll
0x00007ffaf3540000 - 0x00007ffaf3599000 	C:\WINDOWS\SYSTEM32\sechost.dll
0x00007ffaf1bc0000 - 0x00007ffaf1dd1000 	C:\WINDOWS\SYSTEM32\combase.dll
0x00007ffaf1ed0000 - 0x00007ffaf2020000 	C:\WINDOWS\system32\GDI32.dll
0x00007ffaf1290000 - 0x00007ffaf12a5000 	C:\WINDOWS\SYSTEM32\profapi.dll
0x00007ffaef200000 - 0x00007ffaef2b2000 	C:\WINDOWS\SYSTEM32\SHCORE.dll
0x00007ffaf38c0000 - 0x00007ffaf38f6000 	C:\WINDOWS\system32\IMM32.DLL
0x00007ffaf3750000 - 0x00007ffaf38a2000 	C:\WINDOWS\system32\MSCTF.dll
0x00007ffaf1250000 - 0x00007ffaf127f000 	C:\Windows\system32\nvinitx.dll
0x000000000f000000 - 0x000000000f006000 	C:\Program Files\NVIDIA Corporation\CoProcManager\detoured.dll
0x00007ffaeef80000 - 0x00007ffaeefdf000 	C:\Program Files\NVIDIA Corporation\CoProcManager\nvd3d9wrapx.dll
0x00007ffaf3d70000 - 0x00007ffaf3f4a000 	C:\WINDOWS\system32\SETUPAPI.dll
0x00007ffaf1360000 - 0x00007ffaf13af000 	C:\WINDOWS\system32\CFGMGR32.dll
0x00007ffaeee80000 - 0x00007ffaeeec6000 	C:\Program Files\NVIDIA Corporation\CoProcManager\nvdxgiwrapx.dll
0x00007ffaf0350000 - 0x00007ffaf05ca000 	C:\WINDOWS\WinSxS\amd64_microsoft.windows.common-controls_6595b64144ccf1df_6.0.9600.17810_none_6240b9c7ecbd0bda\COMCTL32.dll
0x00000000776e0000 - 0x00000000777b2000 	C:\Program Files\Java\jdk1.7.0_76\jre\bin\msvcr100.dll
0x00000000501c0000 - 0x0000000050995000 	C:\Program Files\Java\jdk1.7.0_76\jre\bin\server\jvm.dll
0x00007ffad53a0000 - 0x00007ffad53a9000 	C:\WINDOWS\SYSTEM32\WSOCK32.dll
0x00007ffaee660000 - 0x00007ffaee682000 	C:\WINDOWS\SYSTEM32\WINMM.dll
0x00007ffaf38b0000 - 0x00007ffaf38b7000 	C:\WINDOWS\system32\PSAPI.DLL
0x00007ffaf19c0000 - 0x00007ffaf1a1a000 	C:\WINDOWS\system32\WS2_32.dll
0x00007ffaed3f0000 - 0x00007ffaed41a000 	C:\WINDOWS\SYSTEM32\WINMMBASE.dll
0x00007ffaf1e00000 - 0x00007ffaf1e09000 	C:\WINDOWS\system32\NSI.dll
0x00007ffaefa80000 - 0x00007ffaefaa8000 	C:\WINDOWS\SYSTEM32\DEVOBJ.dll
0x00000000500d0000 - 0x00000000500df000 	C:\Program Files\Java\jdk1.7.0_76\jre\bin\verify.dll
0x00000000500a0000 - 0x00000000500c8000 	C:\Program Files\Java\jdk1.7.0_76\jre\bin\java.dll
0x0000000050080000 - 0x0000000050095000 	C:\Program Files\Java\jdk1.7.0_76\jre\bin\zip.dll

VM Arguments:
jvm_args: -Xmx1024M -Dfile.encoding=windows-1252 -Duser.country=DE -Duser.language=de -Duser.variant 
java_command: com.android.dx.command.Main --dex --output D:\Dropbox_Data\Dropbox\apk\drawer\cheesesquare\app\build\intermediates\pre-dexed\debug\internal_impl-22.2.1-ec40eaf953da59b8855cb2a059de2ec19af65c37.jar D:\Dropbox_Data\Dropbox\apk\drawer\cheesesquare\app\build\intermediates\exploded-aar\com.android.support\support-v4\22.2.1\jars\libs\internal_impl-22.2.1.jar
Launcher Type: SUN_STANDARD

Environment Variables:
PATH=C:\ProgramData\Oracle\Java\javapath;C:\Program Files (x86)\Business Objects\Common\3.5\bin\NOTES\;C:\Program Files (x86)\Business Objects\Common\3.5\bin\NOTES\DATA\;C:\WINDOWS\system32;C:\WINDOWS;C:\WINDOWS\System32\Wbem;C:\WINDOWS\System32\WindowsPowerShell\v1.0\;C:\Program Files\Intel\WiFi\bin\;C:\Program Files\Common Files\Intel\WirelessCommon\;C:\Program Files\Intel\WiFi\bin\;C:\Program Files\Common Files\Intel\WirelessCommon\
USERNAME=CH
OS=Windows_NT
PROCESSOR_IDENTIFIER=Intel64 Family 6 Model 42 Stepping 7, GenuineIntel



---------------  S Y S T E M  ---------------

OS: Windows 8.1 , 64 bit Build 9600 

CPU:total 8 (4 cores per cpu, 2 threads per core) family 6 model 42 stepping 7, cmov, cx8, fxsr, mmx, sse, sse2, sse3, ssse3, sse4.1, sse4.2, popcnt, avx, aes, ht, tsc, tscinvbit

Memory: 4k page, physical 8156192k(2979756k free), swap 8287264k(4672k free)

vm_info: Java HotSpot(TM) 64-Bit Server VM (24.76-b04) for windows-amd64 JRE (1.7.0_76-b13), built on Dec 18 2014 16:31:25 by "java_re" with unknown MS VC++:1600

time: Thu Aug 13 21:23:39 2015
elapsed time: 0 seconds

