#
# There is insufficient memory for the Java Runtime Environment to continue.
# Native memory allocation (malloc) failed to allocate 237904 bytes for Chunk::new
# Possible reasons:
#   The system is out of physical RAM or swap space
#   In 32 bit mode, the process size limit was hit
# Possible solutions:
#   Reduce memory load on the system
#   Increase physical memory or swap space
#   Check if swap backing store is full
#   Use 64 bit Java on a 64 bit OS
#   Decrease Java heap size (-Xmx/-Xms)
#   Decrease number of Java threads
#   Decrease Java thread stack sizes (-Xss)
#   Set larger code cache with -XX:ReservedCodeCacheSize=
# This output file may be truncated or incomplete.
#
#  Out of Memory Error (allocation.cpp:323), pid=3080, tid=2640
#
# JRE version: Java(TM) SE Runtime Environment (7.0_76-b13) (build 1.7.0_76-b13)
# Java VM: Java HotSpot(TM) 64-Bit Server VM (24.76-b04 mixed mode windows-amd64 compressed oops)
# Failed to write core dump. Minidumps are not enabled by default on client versions of Windows
#

---------------  T H R E A D  ---------------

Current thread (0x00000000022bf000):  JavaThread "C2 CompilerThread1" daemon [_thread_in_native, id=2640, stack(0x000000000ad40000,0x000000000ae40000)]

Stack: [0x000000000ad40000,0x000000000ae40000]

Current CompileTask:
C2:   2121  211             com.android.dx.ssa.SCCP::run (298 bytes)


---------------  P R O C E S S  ---------------

Java Threads: ( => current thread )
  0x000000000a87b800 JavaThread "pool-1-thread-4" [_thread_in_Java, id=4160, stack(0x000000000b440000,0x000000000b540000)]
  0x000000000a7f2800 JavaThread "pool-1-thread-3" [_thread_in_Java, id=5980, stack(0x000000000b340000,0x000000000b440000)]
  0x000000000a7ec000 JavaThread "pool-1-thread-2" [_thread_in_Java, id=3088, stack(0x000000000b240000,0x000000000b340000)]
  0x000000000a7b0800 JavaThread "pool-2-thread-1" [_thread_blocked, id=3452, stack(0x000000000b140000,0x000000000b240000)]
  0x000000000a718800 JavaThread "pool-1-thread-1" [_thread_in_Java, id=180, stack(0x000000000b040000,0x000000000b140000)]
  0x00000000022c1800 JavaThread "Service Thread" daemon [_thread_blocked, id=6160, stack(0x000000000ae40000,0x000000000af40000)]
=>0x00000000022bf000 JavaThread "C2 CompilerThread1" daemon [_thread_in_native, id=2640, stack(0x000000000ad40000,0x000000000ae40000)]
  0x00000000022bd000 JavaThread "C2 CompilerThread0" daemon [_thread_in_native, id=7920, stack(0x000000000ac40000,0x000000000ad40000)]
  0x00000000022bc000 JavaThread "Attach Listener" daemon [_thread_blocked, id=7972, stack(0x000000000ab40000,0x000000000ac40000)]
  0x000000000a661000 JavaThread "Signal Dispatcher" daemon [_thread_blocked, id=6296, stack(0x000000000aa40000,0x000000000ab40000)]
  0x0000000008679800 JavaThread "Finalizer" daemon [_thread_blocked, id=5984, stack(0x000000000a540000,0x000000000a640000)]
  0x0000000008678800 JavaThread "Reference Handler" daemon [_thread_blocked, id=7800, stack(0x000000000a440000,0x000000000a540000)]
  0x00000000021d0800 JavaThread "main" [_thread_in_Java, id=5308, stack(0x0000000002090000,0x0000000002190000)]

Other Threads:
  0x0000000008675000 VMThread [stack: 0x000000000a340000,0x000000000a440000] [id=3108]
  0x00000000022ce000 WatcherThread [stack: 0x000000000af40000,0x000000000b040000] [id=5360]

VM state:not at safepoint (normal execution)

VM Mutex/Monitor currently owned by a thread: None

Heap
 PSYoungGen      total 37376K, used 31706K [0x00000000eaa80000, 0x00000000ed400000, 0x0000000100000000)
  eden space 32256K, 98% used [0x00000000eaa80000,0x00000000ec976a98,0x00000000eca00000)
  from space 5120K, 0% used [0x00000000ecf00000,0x00000000ecf00000,0x00000000ed400000)
  to   space 5120K, 0% used [0x00000000eca00000,0x00000000eca00000,0x00000000ecf00000)
 ParOldGen       total 84992K, used 0K [0x00000000c0000000, 0x00000000c5300000, 0x00000000eaa80000)
  object space 84992K, 0% used [0x00000000c0000000,0x00000000c0000000,0x00000000c5300000)
 PSPermGen       total 21504K, used 5751K [0x00000000bae00000, 0x00000000bc300000, 0x00000000c0000000)
  object space 21504K, 26% used [0x00000000bae00000,0x00000000bb39df50,0x00000000bc300000)

Card table byte_map: [0x0000000005440000,0x0000000005670000] byte_map_base: 0x0000000004e69000

Polling page: 0x00000000021a0000

Code Cache  [0x0000000002380000, 0x00000000025f0000, 0x0000000005380000)
 total_blobs=461 nmethods=224 adapters=189 free_code_cache=48237Kb largest_free_block=49369472

Compilation events (10 events):
Event: 2.048 Thread 0x00000000022bd000 nmethod 218 0x00000000023f8d90 code [0x00000000023f8ec0, 0x00000000023f8f18]
Event: 2.048 Thread 0x00000000022bd000  219             java.util.HashMap::transfer (115 bytes)
Event: 2.053 Thread 0x00000000022bd000 nmethod 219 0x0000000002458750 code [0x00000000024588a0, 0x0000000002458b88]
Event: 2.053 Thread 0x00000000022bd000  220             com.android.dx.rop.cst.CstString::compareTo0 (15 bytes)
Event: 2.054 Thread 0x00000000022bd000 nmethod 220 0x0000000002458390 code [0x00000000024584e0, 0x0000000002458658]
Event: 2.054 Thread 0x00000000022bd000  221             java.util.HashMap::<init> (9 bytes)
Event: 2.055 Thread 0x00000000022bd000 nmethod 221 0x00000000024580d0 code [0x0000000002458220, 0x00000000024582d8]
Event: 2.055 Thread 0x00000000022bd000  222             com.android.dx.ssa.SsaBasicBlock::newFromRop (183 bytes)
Event: 2.110 Thread 0x00000000022bd000 nmethod 222 0x0000000002467e50 code [0x00000000024680e0, 0x0000000002469620]
Event: 2.110 Thread 0x00000000022bd000  224             com.android.dx.rop.cst.CstBaseMethodRef::compareTo0 (29 bytes)

GC Heap History (0 events):
No events

Deoptimization events (7 events):
Event: 0.694 Thread 0x00000000021d0800 Uncommon trap: reason=class_check action=maybe_recompile pc=0x00000000023f5634 method=com.android.dx.ssa.NormalSsaInsn.accept(Lcom/android/dx/ssa/SsaInsn$Visitor;)V @ 9
Event: 0.799 Thread 0x000000000a718800 Uncommon trap: reason=null_check action=make_not_entrant pc=0x00000000023f7a08 method=com.android.dx.rop.code.LocalItem.equals(Ljava/lang/Object;)Z @ 1
Event: 0.816 Thread 0x000000000a718800 Uncommon trap: reason=class_check action=maybe_recompile pc=0x00000000023f5634 method=com.android.dx.ssa.NormalSsaInsn.accept(Lcom/android/dx/ssa/SsaInsn$Visitor;)V @ 9
Event: 0.816 Thread 0x000000000a718800 Uncommon trap: reason=class_check action=maybe_recompile pc=0x00000000023f5634 method=com.android.dx.ssa.NormalSsaInsn.accept(Lcom/android/dx/ssa/SsaInsn$Visitor;)V @ 9
Event: 0.936 Thread 0x00000000021d0800 Uncommon trap: reason=class_check action=maybe_recompile pc=0x00000000023f5634 method=com.android.dx.ssa.NormalSsaInsn.accept(Lcom/android/dx/ssa/SsaInsn$Visitor;)V @ 9
Event: 0.977 Thread 0x000000000a7f2800 Uncommon trap: reason=null_check action=make_not_entrant pc=0x000000000240fb10 method=com.android.dx.ssa.SsaRenamer.getLocalForNewReg(I)Lcom/android/dx/rop/code/LocalItem; @ 19
Event: 1.759 Thread 0x00000000021d0800 Uncommon trap: reason=null_check action=make_not_entrant pc=0x0000000002433824 method=com.android.dx.rop.type.Type.putIntern(Lcom/android/dx/rop/type/Type;)Lcom/android/dx/rop/type/Type; @ 18

Internal exceptions (10 events):
Event: 0.617 Thread 0x000000000a718800 Threw 0x00000000eb44b1a0 at C:\re\jdk7u76\1941\hotspot\src\share\vm\prims\jvm.cpp:1304
Event: 0.711 Thread 0x000000000a7ec000 Threw 0x00000000eb5a8b90 at C:\re\jdk7u76\1941\hotspot\src\share\vm\prims\jvm.cpp:1304
Event: 0.731 Thread 0x000000000a7ec000 Threw 0x00000000eb5e15e0 at C:\re\jdk7u76\1941\hotspot\src\share\vm\prims\jvm.cpp:1304
Event: 0.799 Thread 0x000000000a718800 Implicit null exception at 0x00000000023f76af to 0x00000000023f79f5
Event: 0.955 Thread 0x000000000a7f2800 Threw 0x00000000eb63a450 at C:\re\jdk7u76\1941\hotspot\src\share\vm\prims\jvm.cpp:1304
Event: 0.957 Thread 0x000000000a7f2800 Threw 0x00000000eb63fa60 at C:\re\jdk7u76\1941\hotspot\src\share\vm\prims\jvm.cpp:1304
Event: 0.957 Thread 0x000000000a7f2800 Threw 0x00000000eb644df0 at C:\re\jdk7u76\1941\hotspot\src\share\vm\prims\jvm.cpp:1304
Event: 0.977 Thread 0x000000000a7f2800 Implicit null exception at 0x000000000240f118 to 0x000000000240faf5
Event: 1.000 Thread 0x00000000021d0800 Threw 0x00000000ebafdf78 at C:\re\jdk7u76\1941\hotspot\src\share\vm\prims\jvm.cpp:1304
Event: 1.759 Thread 0x00000000021d0800 Implicit null exception at 0x0000000002433137 to 0x0000000002433815

Events (10 events):
Event: 0.977 Thread 0x000000000a7f2800 DEOPT UNPACKING pc=0x00000000023b75a4 sp=0x000000000b43e978 mode 2
Event: 1.000 loading class 0x000000000a772b90
Event: 1.000 loading class 0x000000000a772b90 done
Event: 1.325 loading class 0x00000000021d5c80
Event: 1.325 loading class 0x00000000021d5c80 done
Event: 1.326 loading class 0x00000000021d5c50
Event: 1.326 loading class 0x00000000021d5c50 done
Event: 1.759 Thread 0x00000000021d0800 Uncommon trap: trap_request=0xfffffff4 fr.pc=0x0000000002433824
Event: 1.759 Thread 0x00000000021d0800 DEOPT PACKING pc=0x0000000002433824 sp=0x000000000218ea90
Event: 1.759 Thread 0x00000000021d0800 DEOPT UNPACKING pc=0x00000000023b75a4 sp=0x000000000218e9b0 mode 2


Dynamic libraries:
0x00007ff7d9580000 - 0x00007ff7d95b3000 	C:\Program Files\Java\jdk1.7.0_76\bin\java.exe
0x00007ffb33760000 - 0x00007ffb3390c000 	C:\WINDOWS\SYSTEM32\ntdll.dll
0x00007ffb32970000 - 0x00007ffb32aae000 	C:\WINDOWS\system32\KERNEL32.DLL
0x00007ffb30cd0000 - 0x00007ffb30de5000 	C:\WINDOWS\system32\KERNELBASE.dll
0x00007ffb2ee60000 - 0x00007ffb2eeee000 	C:\WINDOWS\system32\apphelp.dll
0x00007ffb26500000 - 0x00007ffb26553000 	C:\WINDOWS\AppPatch\AppPatch64\AcGenral.DLL
0x00007ffb32660000 - 0x00007ffb3270a000 	C:\WINDOWS\system32\msvcrt.dll
0x00007ffb30730000 - 0x00007ffb3075e000 	C:\WINDOWS\SYSTEM32\SspiCli.dll
0x00007ffb32910000 - 0x00007ffb32964000 	C:\WINDOWS\system32\SHLWAPI.dll
0x00007ffb324e0000 - 0x00007ffb32657000 	C:\WINDOWS\system32\USER32.dll
0x00007ffb33470000 - 0x00007ffb33604000 	C:\WINDOWS\system32\ole32.dll
0x00007ffb30fc0000 - 0x00007ffb324d9000 	C:\WINDOWS\system32\SHELL32.dll
0x00007ffb2feb0000 - 0x00007ffb2fed1000 	C:\WINDOWS\SYSTEM32\USERENV.dll
0x00007ffb32860000 - 0x00007ffb3290a000 	C:\WINDOWS\system32\ADVAPI32.dll
0x00007ffb28650000 - 0x00007ffb2866e000 	C:\WINDOWS\SYSTEM32\MPR.dll
0x00007ffb32d70000 - 0x00007ffb32eb1000 	C:\WINDOWS\system32\RPCRT4.dll
0x00007ffb33410000 - 0x00007ffb33469000 	C:\WINDOWS\SYSTEM32\sechost.dll
0x00007ffb330c0000 - 0x00007ffb332d1000 	C:\WINDOWS\SYSTEM32\combase.dll
0x00007ffb32710000 - 0x00007ffb3285f000 	C:\WINDOWS\system32\GDI32.dll
0x00007ffb308c0000 - 0x00007ffb308d5000 	C:\WINDOWS\SYSTEM32\profapi.dll
0x00007ffb2e830000 - 0x00007ffb2e8e2000 	C:\WINDOWS\SYSTEM32\SHCORE.dll
0x00007ffb32ed0000 - 0x00007ffb32f06000 	C:\WINDOWS\system32\IMM32.DLL
0x00007ffb30df0000 - 0x00007ffb30f42000 	C:\WINDOWS\system32\MSCTF.dll
0x00007ffb30880000 - 0x00007ffb308af000 	C:\Windows\system32\nvinitx.dll
0x000000000f000000 - 0x000000000f006000 	C:\Program Files\NVIDIA Corporation\CoProcManager\detoured.dll
0x00007ffb2e520000 - 0x00007ffb2e57f000 	C:\Program Files\NVIDIA Corporation\CoProcManager\nvd3d9wrapx.dll
0x00007ffb32b90000 - 0x00007ffb32d6a000 	C:\WINDOWS\system32\SETUPAPI.dll
0x00007ffb30990000 - 0x00007ffb309df000 	C:\WINDOWS\system32\CFGMGR32.dll
0x00007ffb2e470000 - 0x00007ffb2e4b6000 	C:\Program Files\NVIDIA Corporation\CoProcManager\nvdxgiwrapx.dll
0x00007ffb2f9c0000 - 0x00007ffb2fc3a000 	C:\WINDOWS\WinSxS\amd64_microsoft.windows.common-controls_6595b64144ccf1df_6.0.9600.17810_none_6240b9c7ecbd0bda\COMCTL32.dll
0x0000000075410000 - 0x00000000754e2000 	C:\Program Files\Java\jdk1.7.0_76\jre\bin\msvcr100.dll
0x0000000075870000 - 0x0000000076045000 	C:\Program Files\Java\jdk1.7.0_76\jre\bin\server\jvm.dll
0x00007ffb0bc60000 - 0x00007ffb0bc69000 	C:\WINDOWS\SYSTEM32\WSOCK32.dll
0x00007ffb2cc50000 - 0x00007ffb2cc72000 	C:\WINDOWS\SYSTEM32\WINMM.dll
0x00007ffb33750000 - 0x00007ffb33757000 	C:\WINDOWS\system32\PSAPI.DLL
0x00007ffb336f0000 - 0x00007ffb3374a000 	C:\WINDOWS\system32\WS2_32.dll
0x00007ffb2cc20000 - 0x00007ffb2cc4a000 	C:\WINDOWS\SYSTEM32\WINMMBASE.dll
0x00007ffb30fb0000 - 0x00007ffb30fb9000 	C:\WINDOWS\system32\NSI.dll
0x00007ffb2f0b0000 - 0x00007ffb2f0d8000 	C:\WINDOWS\SYSTEM32\DEVOBJ.dll
0x0000000050700000 - 0x000000005070f000 	C:\Program Files\Java\jdk1.7.0_76\jre\bin\verify.dll
0x00000000506d0000 - 0x00000000506f8000 	C:\Program Files\Java\jdk1.7.0_76\jre\bin\java.dll
0x00000000506b0000 - 0x00000000506c5000 	C:\Program Files\Java\jdk1.7.0_76\jre\bin\zip.dll
0x0000000050690000 - 0x00000000506aa000 	C:\Program Files\Java\jdk1.7.0_76\jre\bin\net.dll
0x00007ffb30170000 - 0x00007ffb301c9000 	C:\WINDOWS\system32\mswsock.dll
0x0000000050670000 - 0x0000000050681000 	C:\Program Files\Java\jdk1.7.0_76\jre\bin\nio.dll

VM Arguments:
jvm_args: -Xmx1024M -Dfile.encoding=windows-1252 -Duser.country=DE -Duser.language=de -Duser.variant 
java_command: com.android.dx.command.Main --dex --num-threads=4 --output D:\Dropbox_Data\Dropbox\apk\drawer\cheesesquare\app\build\intermediates\pre-dexed\debug\classes-6c895b1324970ebbfaa819f9910f1434a07728dd.jar D:\Dropbox_Data\Dropbox\apk\drawer\cheesesquare\app\build\intermediates\exploded-aar\com.android.support\design\22.2.1\jars\classes.jar
Launcher Type: SUN_STANDARD

Environment Variables:
PATH=C:\ProgramData\Oracle\Java\javapath;C:\Program Files (x86)\Business Objects\Common\3.5\bin\NOTES\;C:\Program Files (x86)\Business Objects\Common\3.5\bin\NOTES\DATA\;C:\WINDOWS\system32;C:\WINDOWS;C:\WINDOWS\System32\Wbem;C:\WINDOWS\System32\WindowsPowerShell\v1.0\;C:\Program Files\Intel\WiFi\bin\;C:\Program Files\Common Files\Intel\WirelessCommon\;C:\Program Files\Intel\WiFi\bin\;C:\Program Files\Common Files\Intel\WirelessCommon\
USERNAME=CH
OS=Windows_NT
PROCESSOR_IDENTIFIER=Intel64 Family 6 Model 42 Stepping 7, GenuineIntel



---------------  S Y S T E M  ---------------

OS: Windows 8.1 , 64 bit Build 9600 

CPU:total 8 (4 cores per cpu, 2 threads per core) family 6 model 42 stepping 7, cmov, cx8, fxsr, mmx, sse, sse2, sse3, ssse3, sse4.1, sse4.2, popcnt, avx, aes, ht, tsc, tscinvbit

Memory: 4k page, physical 8156192k(2254024k free), swap 8287264k(5376k free)

vm_info: Java HotSpot(TM) 64-Bit Server VM (24.76-b04) for windows-amd64 JRE (1.7.0_76-b13), built on Dec 18 2014 16:31:25 by "java_re" with unknown MS VC++:1600

time: Sun Sep 06 11:30:16 2015
elapsed time: 2 seconds

