#
# There is insufficient memory for the Java Runtime Environment to continue.
# Native memory allocation (malloc) failed to allocate 72496 bytes for Chunk::new
# Possible reasons:
#   The system is out of physical RAM or swap space
#   In 32 bit mode, the process size limit was hit
# Possible solutions:
#   Reduce memory load on the system
#   Increase physical memory or swap space
#   Check if swap backing store is full
#   Use 64 bit Java on a 64 bit OS
#   Decrease Java heap size (-Xmx/-Xms)
#   Decrease number of Java threads
#   Decrease Java thread stack sizes (-Xss)
#   Set larger code cache with -XX:ReservedCodeCacheSize=
# This output file may be truncated or incomplete.
#
#  Out of Memory Error (allocation.cpp:323), pid=4280, tid=2952
#
# JRE version: Java(TM) SE Runtime Environment (7.0_76-b13) (build 1.7.0_76-b13)
# Java VM: Java HotSpot(TM) 64-Bit Server VM (24.76-b04 mixed mode windows-amd64 compressed oops)
# Failed to write core dump. Minidumps are not enabled by default on client versions of Windows
#

---------------  T H R E A D  ---------------

Current thread (0x000000000317d800):  JavaThread "C2 CompilerThread0" daemon [_thread_in_native, id=2952, stack(0x000000000bab0000,0x000000000bbb0000)]

Stack: [0x000000000bab0000,0x000000000bbb0000]

Current CompileTask:
C2:   2138  142             com.android.dx.ssa.SsaConverter::placePhiFunctions (394 bytes)


---------------  P R O C E S S  ---------------

Java Threads: ( => current thread )
  0x000000000b68e000 JavaThread "pool-1-thread-4" [_thread_in_Java, id=4396, stack(0x000000000c2b0000,0x000000000c3b0000)]
  0x000000000b68b800 JavaThread "pool-1-thread-3" [_thread_in_Java, id=7632, stack(0x000000000c1b0000,0x000000000c2b0000)]
  0x000000000b69f800 JavaThread "pool-1-thread-2" [_thread_in_vm, id=7836, stack(0x000000000c0b0000,0x000000000c1b0000)]
  0x000000000b5d5800 JavaThread "pool-2-thread-1" [_thread_blocked, id=6600, stack(0x000000000bfb0000,0x000000000c0b0000)]
  0x000000000b589000 JavaThread "pool-1-thread-1" [_thread_in_Java, id=6596, stack(0x000000000beb0000,0x000000000bfb0000)]
  0x000000000318a000 JavaThread "Service Thread" daemon [_thread_blocked, id=1892, stack(0x000000000bcb0000,0x000000000bdb0000)]
  0x0000000003187800 JavaThread "C2 CompilerThread1" daemon [_thread_in_native, id=3212, stack(0x000000000bbb0000,0x000000000bcb0000)]
=>0x000000000317d800 JavaThread "C2 CompilerThread0" daemon [_thread_in_native, id=2952, stack(0x000000000bab0000,0x000000000bbb0000)]
  0x000000000b4d1000 JavaThread "Attach Listener" daemon [_thread_blocked, id=6052, stack(0x000000000b9b0000,0x000000000bab0000)]
  0x000000000b4d0800 JavaThread "Signal Dispatcher" daemon [_thread_blocked, id=5952, stack(0x000000000b8b0000,0x000000000b9b0000)]
  0x00000000094c0800 JavaThread "Finalizer" daemon [_thread_blocked, id=1980, stack(0x000000000b3b0000,0x000000000b4b0000)]
  0x00000000094ba000 JavaThread "Reference Handler" daemon [_thread_blocked, id=6100, stack(0x000000000b2b0000,0x000000000b3b0000)]
  0x0000000003090800 JavaThread "main" [_thread_in_native, id=2016, stack(0x0000000002f30000,0x0000000003030000)]

Other Threads:
  0x00000000094b5000 VMThread [stack: 0x000000000b1b0000,0x000000000b2b0000] [id=736]
  0x000000000318e800 WatcherThread [stack: 0x000000000bdb0000,0x000000000beb0000] [id=7480]

VM state:not at safepoint (normal execution)

VM Mutex/Monitor currently owned by a thread: None

Heap
 PSYoungGen      total 37376K, used 20686K [0x00000000eaa80000, 0x00000000ed400000, 0x0000000100000000)
  eden space 32256K, 64% used [0x00000000eaa80000,0x00000000ebeb38c8,0x00000000eca00000)
  from space 5120K, 0% used [0x00000000ecf00000,0x00000000ecf00000,0x00000000ed400000)
  to   space 5120K, 0% used [0x00000000eca00000,0x00000000eca00000,0x00000000ecf00000)
 ParOldGen       total 84992K, used 0K [0x00000000c0000000, 0x00000000c5300000, 0x00000000eaa80000)
  object space 84992K, 0% used [0x00000000c0000000,0x00000000c0000000,0x00000000c5300000)
 PSPermGen       total 21504K, used 5643K [0x00000000bae00000, 0x00000000bc300000, 0x00000000c0000000)
  object space 21504K, 26% used [0x00000000bae00000,0x00000000bb382e30,0x00000000bc300000)

Card table byte_map: [0x0000000006280000,0x00000000064b0000] byte_map_base: 0x0000000005ca9000

Polling page: 0x0000000001240000

Code Cache  [0x0000000003280000, 0x00000000034f0000, 0x0000000006280000)
 total_blobs=382 nmethods=145 adapters=189 free_code_cache=48533Kb largest_free_block=49666752

Compilation events (10 events):
Event: 2.079 Thread 0x0000000003187800 nmethod 143 0x0000000003318910 code [0x0000000003318a60, 0x0000000003318bf8]
Event: 2.079 Thread 0x0000000003187800  144             java.util.Arrays::copyOf (13 bytes)
Event: 2.081 Thread 0x0000000003187800 nmethod 144 0x0000000003318550 code [0x0000000003318680, 0x0000000003318818]
Event: 2.082 Thread 0x0000000003187800  145   !         com.android.dx.rop.cst.StdConstantPool::getOrNull (13 bytes)
Event: 2.083 Thread 0x0000000003187800 nmethod 145 0x0000000003318290 code [0x00000000033183c0, 0x0000000003318458]
Event: 2.100 Thread 0x0000000003187800  146             java.util.Arrays::copyOfRange (63 bytes)
Event: 2.103 Thread 0x0000000003187800 nmethod 146 0x000000000331c890 code [0x000000000331c9e0, 0x000000000331cbd8]
Event: 2.106 Thread 0x0000000003187800  147   !         com.android.dx.rop.type.Type::intern (319 bytes)
Event: 2.129 Thread 0x0000000003187800 nmethod 147 0x0000000003320bd0 code [0x0000000003320dc0, 0x0000000003321c40]
Event: 2.129 Thread 0x0000000003187800  148             com.android.dx.ssa.SsaMethod::mapRegisters (87 bytes)

GC Heap History (0 events):
No events

Deoptimization events (2 events):
Event: 0.969 Thread 0x000000000b69f800 Uncommon trap: reason=null_check action=make_not_entrant pc=0x0000000003300bf8 method=com.android.dx.rop.code.LocalItem.equals(Ljava/lang/Object;)Z @ 1
Event: 1.875 Thread 0x000000000b68b800 Uncommon trap: reason=unreached action=reinterpret pc=0x0000000003301644 method=com.android.dx.rop.cst.Constant.compareTo(Lcom/android/dx/rop/cst/Constant;)I @ 12

Internal exceptions (10 events):
Event: 0.541 Thread 0x0000000003090800 Threw 0x00000000eb2dd070 at C:\re\jdk7u76\1941\hotspot\src\share\vm\prims\jvm.cpp:1304
Event: 0.541 Thread 0x0000000003090800 Threw 0x00000000eb2df290 at C:\re\jdk7u76\1941\hotspot\src\share\vm\prims\jvm.cpp:1304
Event: 0.544 Thread 0x0000000003090800 Threw 0x00000000eb2ecde0 at C:\re\jdk7u76\1941\hotspot\src\share\vm\prims\jvm.cpp:1304
Event: 0.547 Thread 0x0000000003090800 Threw 0x00000000eb2fabd8 at C:\re\jdk7u76\1941\hotspot\src\share\vm\prims\jvm.cpp:1304
Event: 0.726 Thread 0x000000000b69f800 Threw 0x00000000eb56f268 at C:\re\jdk7u76\1941\hotspot\src\share\vm\prims\jvm.cpp:1304
Event: 0.969 Thread 0x000000000b69f800 Implicit null exception at 0x00000000033008a0 to 0x0000000003300be5
Event: 1.768 Thread 0x0000000003090800 Threw 0x00000000eb6b2228 at C:\re\jdk7u76\1941\hotspot\src\share\vm\prims\jvm.cpp:1304
Event: 1.822 Thread 0x000000000b589000 Threw 0x00000000eb9a9bb0 at C:\re\jdk7u76\1941\hotspot\src\share\vm\prims\jvm.cpp:1304
Event: 1.825 Thread 0x000000000b589000 Threw 0x00000000eb9b6388 at C:\re\jdk7u76\1941\hotspot\src\share\vm\prims\jvm.cpp:1304
Event: 1.834 Thread 0x0000000003090800 Threw 0x00000000eb71c520 at C:\re\jdk7u76\1941\hotspot\src\share\vm\prims\jvm.cpp:1304

Events (10 events):
Event: 1.768 loading class 0x000000000b4ee280 done
Event: 1.822 loading class 0x000000000b787930
Event: 1.822 loading class 0x000000000b787930 done
Event: 1.825 loading class 0x000000000b6888a0
Event: 1.825 loading class 0x000000000b6888a0 done
Event: 1.834 loading class 0x000000000b5ddd30
Event: 1.834 loading class 0x000000000b5ddd30 done
Event: 1.875 Thread 0x000000000b68b800 Uncommon trap: trap_request=0xffffffad fr.pc=0x0000000003301644
Event: 1.875 Thread 0x000000000b68b800 DEOPT PACKING pc=0x0000000003301644 sp=0x000000000c2ae8f0
Event: 1.876 Thread 0x000000000b68b800 DEOPT UNPACKING pc=0x00000000032b75a4 sp=0x000000000c2ae890 mode 2


Dynamic libraries:
0x00007ff7d9580000 - 0x00007ff7d95b3000 	C:\Program Files\Java\jdk1.7.0_76\bin\java.exe
0x00007ffb33760000 - 0x00007ffb3390c000 	C:\WINDOWS\SYSTEM32\ntdll.dll
0x00007ffb32970000 - 0x00007ffb32aae000 	C:\WINDOWS\system32\KERNEL32.DLL
0x00007ffb30cd0000 - 0x00007ffb30de5000 	C:\WINDOWS\system32\KERNELBASE.dll
0x00007ffb2ee60000 - 0x00007ffb2eeee000 	C:\WINDOWS\system32\apphelp.dll
0x00007ffb26500000 - 0x00007ffb26553000 	C:\WINDOWS\AppPatch\AppPatch64\AcGenral.DLL
0x00007ffb32660000 - 0x00007ffb3270a000 	C:\WINDOWS\system32\msvcrt.dll
0x00007ffb30730000 - 0x00007ffb3075e000 	C:\WINDOWS\SYSTEM32\SspiCli.dll
0x00007ffb32910000 - 0x00007ffb32964000 	C:\WINDOWS\system32\SHLWAPI.dll
0x00007ffb324e0000 - 0x00007ffb32657000 	C:\WINDOWS\system32\USER32.dll
0x00007ffb33470000 - 0x00007ffb33604000 	C:\WINDOWS\system32\ole32.dll
0x00007ffb30fc0000 - 0x00007ffb324d9000 	C:\WINDOWS\system32\SHELL32.dll
0x00007ffb2feb0000 - 0x00007ffb2fed1000 	C:\WINDOWS\SYSTEM32\USERENV.dll
0x00007ffb32860000 - 0x00007ffb3290a000 	C:\WINDOWS\system32\ADVAPI32.dll
0x00007ffb28650000 - 0x00007ffb2866e000 	C:\WINDOWS\SYSTEM32\MPR.dll
0x00007ffb32d70000 - 0x00007ffb32eb1000 	C:\WINDOWS\system32\RPCRT4.dll
0x00007ffb33410000 - 0x00007ffb33469000 	C:\WINDOWS\SYSTEM32\sechost.dll
0x00007ffb330c0000 - 0x00007ffb332d1000 	C:\WINDOWS\SYSTEM32\combase.dll
0x00007ffb32710000 - 0x00007ffb3285f000 	C:\WINDOWS\system32\GDI32.dll
0x00007ffb308c0000 - 0x00007ffb308d5000 	C:\WINDOWS\SYSTEM32\profapi.dll
0x00007ffb2e830000 - 0x00007ffb2e8e2000 	C:\WINDOWS\SYSTEM32\SHCORE.dll
0x00007ffb32ed0000 - 0x00007ffb32f06000 	C:\WINDOWS\system32\IMM32.DLL
0x00007ffb30df0000 - 0x00007ffb30f42000 	C:\WINDOWS\system32\MSCTF.dll
0x00007ffb30880000 - 0x00007ffb308af000 	C:\Windows\system32\nvinitx.dll
0x000000000f000000 - 0x000000000f006000 	C:\Program Files\NVIDIA Corporation\CoProcManager\detoured.dll
0x00007ffb2e520000 - 0x00007ffb2e57f000 	C:\Program Files\NVIDIA Corporation\CoProcManager\nvd3d9wrapx.dll
0x00007ffb32b90000 - 0x00007ffb32d6a000 	C:\WINDOWS\system32\SETUPAPI.dll
0x00007ffb30990000 - 0x00007ffb309df000 	C:\WINDOWS\system32\CFGMGR32.dll
0x00007ffb2e470000 - 0x00007ffb2e4b6000 	C:\Program Files\NVIDIA Corporation\CoProcManager\nvdxgiwrapx.dll
0x00007ffb2f9c0000 - 0x00007ffb2fc3a000 	C:\WINDOWS\WinSxS\amd64_microsoft.windows.common-controls_6595b64144ccf1df_6.0.9600.17810_none_6240b9c7ecbd0bda\COMCTL32.dll
0x0000000075410000 - 0x00000000754e2000 	C:\Program Files\Java\jdk1.7.0_76\jre\bin\msvcr100.dll
0x0000000075870000 - 0x0000000076045000 	C:\Program Files\Java\jdk1.7.0_76\jre\bin\server\jvm.dll
0x00007ffb0bc60000 - 0x00007ffb0bc69000 	C:\WINDOWS\SYSTEM32\WSOCK32.dll
0x00007ffb2cc50000 - 0x00007ffb2cc72000 	C:\WINDOWS\SYSTEM32\WINMM.dll
0x00007ffb33750000 - 0x00007ffb33757000 	C:\WINDOWS\system32\PSAPI.DLL
0x00007ffb336f0000 - 0x00007ffb3374a000 	C:\WINDOWS\system32\WS2_32.dll
0x00007ffb2cc20000 - 0x00007ffb2cc4a000 	C:\WINDOWS\SYSTEM32\WINMMBASE.dll
0x00007ffb30fb0000 - 0x00007ffb30fb9000 	C:\WINDOWS\system32\NSI.dll
0x00007ffb2f0b0000 - 0x00007ffb2f0d8000 	C:\WINDOWS\SYSTEM32\DEVOBJ.dll
0x0000000050700000 - 0x000000005070f000 	C:\Program Files\Java\jdk1.7.0_76\jre\bin\verify.dll
0x00000000506d0000 - 0x00000000506f8000 	C:\Program Files\Java\jdk1.7.0_76\jre\bin\java.dll
0x00000000506b0000 - 0x00000000506c5000 	C:\Program Files\Java\jdk1.7.0_76\jre\bin\zip.dll
0x0000000050690000 - 0x00000000506aa000 	C:\Program Files\Java\jdk1.7.0_76\jre\bin\net.dll
0x00007ffb30170000 - 0x00007ffb301c9000 	C:\WINDOWS\system32\mswsock.dll
0x0000000050670000 - 0x0000000050681000 	C:\Program Files\Java\jdk1.7.0_76\jre\bin\nio.dll

VM Arguments:
jvm_args: -Xmx1024M -Dfile.encoding=windows-1252 -Duser.country=DE -Duser.language=de -Duser.variant 
java_command: com.android.dx.command.Main --dex --num-threads=4 --output D:\Dropbox_Data\Dropbox\apk\drawer\cheesesquare\app\build\intermediates\pre-dexed\debug\classes-06f0c97ba2da61758c62ab9b5c041116c2a39759.jar D:\Dropbox_Data\Dropbox\apk\drawer\cheesesquare\app\build\intermediates\exploded-aar\com.android.support\appcompat-v7\22.2.1\jars\classes.jar
Launcher Type: SUN_STANDARD

Environment Variables:
PATH=C:\ProgramData\Oracle\Java\javapath;C:\Program Files (x86)\Business Objects\Common\3.5\bin\NOTES\;C:\Program Files (x86)\Business Objects\Common\3.5\bin\NOTES\DATA\;C:\WINDOWS\system32;C:\WINDOWS;C:\WINDOWS\System32\Wbem;C:\WINDOWS\System32\WindowsPowerShell\v1.0\;C:\Program Files\Intel\WiFi\bin\;C:\Program Files\Common Files\Intel\WirelessCommon\;C:\Program Files\Intel\WiFi\bin\;C:\Program Files\Common Files\Intel\WirelessCommon\
USERNAME=CH
OS=Windows_NT
PROCESSOR_IDENTIFIER=Intel64 Family 6 Model 42 Stepping 7, GenuineIntel



---------------  S Y S T E M  ---------------

OS: Windows 8.1 , 64 bit Build 9600 

CPU:total 8 (4 cores per cpu, 2 threads per core) family 6 model 42 stepping 7, cmov, cx8, fxsr, mmx, sse, sse2, sse3, ssse3, sse4.1, sse4.2, popcnt, avx, aes, ht, tsc, tscinvbit

Memory: 4k page, physical 8156192k(2253780k free), swap 8287264k(5124k free)

vm_info: Java HotSpot(TM) 64-Bit Server VM (24.76-b04) for windows-amd64 JRE (1.7.0_76-b13), built on Dec 18 2014 16:31:25 by "java_re" with unknown MS VC++:1600

time: Sun Sep 06 11:30:16 2015
elapsed time: 2 seconds

