#
# There is insufficient memory for the Java Runtime Environment to continue.
# Native memory allocation (malloc) failed to allocate 1018656 bytes for Chunk::new
# Possible reasons:
#   The system is out of physical RAM or swap space
#   In 32 bit mode, the process size limit was hit
# Possible solutions:
#   Reduce memory load on the system
#   Increase physical memory or swap space
#   Check if swap backing store is full
#   Use 64 bit Java on a 64 bit OS
#   Decrease Java heap size (-Xmx/-Xms)
#   Decrease number of Java threads
#   Decrease Java thread stack sizes (-Xss)
#   Set larger code cache with -XX:ReservedCodeCacheSize=
# This output file may be truncated or incomplete.
#
#  Out of Memory Error (allocation.cpp:323), pid=4200, tid=9268
#
# JRE version: Java(TM) SE Runtime Environment (7.0_76-b13) (build 1.7.0_76-b13)
# Java VM: Java HotSpot(TM) 64-Bit Server VM (24.76-b04 mixed mode windows-amd64 compressed oops)
# Failed to write core dump. Minidumps are not enabled by default on client versions of Windows
#

---------------  T H R E A D  ---------------

Current thread (0x000000000859e000):  JavaThread "C2 CompilerThread1" daemon [_thread_in_native, id=9268, stack(0x000000000ac50000,0x000000000ad50000)]

Stack: [0x000000000ac50000,0x000000000ad50000]

Current CompileTask:
C2:   4502  218             com.android.dx.ssa.SCCP::simulateBlock (54 bytes)


---------------  P R O C E S S  ---------------

Java Threads: ( => current thread )
  0x0000000002281000 JavaThread "Service Thread" daemon [_thread_blocked, id=9272, stack(0x000000000ad50000,0x000000000ae50000)]
=>0x000000000859e000 JavaThread "C2 CompilerThread1" daemon [_thread_in_native, id=9268, stack(0x000000000ac50000,0x000000000ad50000)]
  0x000000000859c800 JavaThread "C2 CompilerThread0" daemon [_thread_in_native, id=9248, stack(0x000000000ab50000,0x000000000ac50000)]
  0x0000000002280000 JavaThread "Attach Listener" daemon [_thread_blocked, id=9244, stack(0x000000000aa50000,0x000000000ab50000)]
  0x000000000859b800 JavaThread "Signal Dispatcher" daemon [_thread_blocked, id=9240, stack(0x000000000a950000,0x000000000aa50000)]
  0x000000000858c000 JavaThread "Finalizer" daemon [_thread_blocked, id=3400, stack(0x000000000a450000,0x000000000a550000)]
  0x000000000858b000 JavaThread "Reference Handler" daemon [_thread_blocked, id=7000, stack(0x000000000a350000,0x000000000a450000)]
  0x0000000002190800 JavaThread "main" [_thread_in_vm, id=1356, stack(0x0000000002090000,0x0000000002190000)]

Other Threads:
  0x0000000008586000 VMThread [stack: 0x000000000a250000,0x000000000a350000] [id=5016]
  0x0000000002287800 WatcherThread [stack: 0x000000000ae50000,0x000000000af50000] [id=9276]

VM state:not at safepoint (normal execution)

VM Mutex/Monitor currently owned by a thread: None

Heap
 PSYoungGen      total 37376K, used 9627K [0x00000000eaa80000, 0x00000000ef380000, 0x0000000100000000)
  eden space 32256K, 14% used [0x00000000eaa80000,0x00000000eaee91b0,0x00000000eca00000)
  from space 5120K, 99% used [0x00000000eca00000,0x00000000ecefdc88,0x00000000ecf00000)
  to   space 5120K, 0% used [0x00000000eee80000,0x00000000eee80000,0x00000000ef380000)
 ParOldGen       total 84992K, used 1669K [0x00000000c0000000, 0x00000000c5300000, 0x00000000eaa80000)
  object space 84992K, 1% used [0x00000000c0000000,0x00000000c01a15f0,0x00000000c5300000)
 PSPermGen       total 21504K, used 5560K [0x00000000bae00000, 0x00000000bc300000, 0x00000000c0000000)
  object space 21504K, 25% used [0x00000000bae00000,0x00000000bb36e368,0x00000000bc300000)

Card table byte_map: [0x0000000005350000,0x0000000005580000] byte_map_base: 0x0000000004d79000

Polling page: 0x0000000000800000

Code Cache  [0x0000000002290000, 0x0000000002500000, 0x0000000005290000)
 total_blobs=451 nmethods=217 adapters=186 free_code_cache=48317Kb largest_free_block=49452224

Compilation events (10 events):
Event: 4.063 Thread 0x000000000859e000 nmethod 212 0x0000000002362a10 code [0x0000000002362ce0, 0x0000000002364308]
Event: 4.064 Thread 0x000000000859e000  214             com.android.dx.ssa.SsaMethod$2::addToUses (48 bytes)
Event: 4.100 Thread 0x000000000859e000 nmethod 214 0x000000000235b990 code [0x000000000235bb40, 0x000000000235c318]
Event: 4.100 Thread 0x000000000859e000  215             com.android.dx.rop.code.Rop::isCallLike (5 bytes)
Event: 4.101 Thread 0x000000000859e000 nmethod 215 0x000000000235b190 code [0x000000000235b2c0, 0x000000000235b318]
Event: 4.101 Thread 0x000000000859e000  216             java.util.HashMap::put (142 bytes)
Event: 4.235 Thread 0x000000000859e000 nmethod 216 0x0000000002350d50 code [0x0000000002350f60, 0x00000000023516a0]
Event: 4.235 Thread 0x000000000859e000  217             com.android.dx.rop.code.RegisterSpecList::set (7 bytes)
Event: 4.237 Thread 0x000000000859e000 nmethod 217 0x000000000235cf50 code [0x000000000235d0a0, 0x000000000235d198]
Event: 4.237 Thread 0x000000000859e000  218             com.android.dx.ssa.SCCP::simulateBlock (54 bytes)

GC Heap History (2 events):
Event: 4.121 GC heap before
{Heap before GC invocations=1 (full 0):
 PSYoungGen      total 37376K, used 32256K [0x00000000eaa80000, 0x00000000ed400000, 0x0000000100000000)
  eden space 32256K, 100% used [0x00000000eaa80000,0x00000000eca00000,0x00000000eca00000)
  from space 5120K, 0% used [0x00000000ecf00000,0x00000000ecf00000,0x00000000ed400000)
  to   space 5120K, 0% used [0x00000000eca00000,0x00000000eca00000,0x00000000ecf00000)
 ParOldGen       total 84992K, used 0K [0x00000000c0000000, 0x00000000c5300000, 0x00000000eaa80000)
  object space 84992K, 0% used [0x00000000c0000000,0x00000000c0000000,0x00000000c5300000)
 PSPermGen       total 21504K, used 5549K [0x00000000bae00000, 0x00000000bc300000, 0x00000000c0000000)
  object space 21504K, 25% used [0x00000000bae00000,0x00000000bb36b558,0x00000000bc300000)
Event: 4.215 GC heap after
Heap after GC invocations=1 (full 0):
 PSYoungGen      total 37376K, used 5111K [0x00000000eaa80000, 0x00000000ef380000, 0x0000000100000000)
  eden space 32256K, 0% used [0x00000000eaa80000,0x00000000eaa80000,0x00000000eca00000)
  from space 5120K, 99% used [0x00000000eca00000,0x00000000ecefdc88,0x00000000ecf00000)
  to   space 5120K, 0% used [0x00000000eee80000,0x00000000eee80000,0x00000000ef380000)
 ParOldGen       total 84992K, used 1669K [0x00000000c0000000, 0x00000000c5300000, 0x00000000eaa80000)
  object space 84992K, 1% used [0x00000000c0000000,0x00000000c01a15f0,0x00000000c5300000)
 PSPermGen       total 21504K, used 5549K [0x00000000bae00000, 0x00000000bc300000, 0x00000000c0000000)
  object space 21504K, 25% used [0x00000000bae00000,0x00000000bb36b558,0x00000000bc300000)
}

Deoptimization events (3 events):
Event: 1.712 Thread 0x0000000002190800 Uncommon trap: reason=null_check action=make_not_entrant pc=0x000000000230c8f8 method=com.android.dx.rop.code.LocalItem.equals(Ljava/lang/Object;)Z @ 1
Event: 3.426 Thread 0x0000000002190800 Uncommon trap: reason=null_check action=make_not_entrant pc=0x00000000023429e4 method=com.android.dx.ssa.SsaRenamer.getLocalForNewReg(I)Lcom/android/dx/rop/code/LocalItem; @ 19
Event: 4.468 Thread 0x0000000002190800 Uncommon trap: reason=unreached action=reinterpret pc=0x0000000002347e80 method=com.android.dx.ssa.LocalVariableExtractor.processBlock(I)V @ 251

Internal exceptions (10 events):
Event: 1.343 Thread 0x0000000002190800 Threw 0x00000000eb2b5e58 at C:\re\jdk7u76\1941\hotspot\src\share\vm\prims\jvm.cpp:1304
Event: 1.712 Thread 0x0000000002190800 Implicit null exception at 0x000000000230c599 to 0x000000000230c8e5
Event: 2.436 Thread 0x0000000002190800 Threw 0x00000000eba528b8 at C:\re\jdk7u76\1941\hotspot\src\share\vm\prims\jvm.cpp:1304
Event: 2.438 Thread 0x0000000002190800 Threw 0x00000000eba5c700 at C:\re\jdk7u76\1941\hotspot\src\share\vm\prims\jvm.cpp:1304
Event: 2.439 Thread 0x0000000002190800 Threw 0x00000000eba5e7b8 at C:\re\jdk7u76\1941\hotspot\src\share\vm\prims\jvm.cpp:1304
Event: 2.443 Thread 0x0000000002190800 Threw 0x00000000eba66378 at C:\re\jdk7u76\1941\hotspot\src\share\vm\prims\jvm.cpp:1304
Event: 2.448 Thread 0x0000000002190800 Threw 0x00000000eba71518 at C:\re\jdk7u76\1941\hotspot\src\share\vm\prims\jvm.cpp:1304
Event: 2.926 Thread 0x0000000002190800 Threw 0x00000000ebe267b8 at C:\re\jdk7u76\1941\hotspot\src\share\vm\prims\jvm.cpp:1304
Event: 3.288 Thread 0x0000000002190800 Threw 0x00000000ec1abd38 at C:\re\jdk7u76\1941\hotspot\src\share\vm\prims\jvm.cpp:1304
Event: 3.426 Thread 0x0000000002190800 Implicit null exception at 0x00000000023418f4 to 0x00000000023429b5

Events (10 events):
Event: 3.426 Thread 0x0000000002190800 Uncommon trap: trap_request=0xfffffff4 fr.pc=0x00000000023429e4
Event: 3.426 Thread 0x0000000002190800 DEOPT PACKING pc=0x00000000023429e4 sp=0x000000000218e6b0
Event: 3.426 Thread 0x0000000002190800 DEOPT UNPACKING pc=0x00000000022c75a4 sp=0x000000000218e448 mode 2
Event: 4.121 Executing VM operation: ParallelGCFailedAllocation
Event: 4.215 Executing VM operation: ParallelGCFailedAllocation done
Event: 4.250 Executing VM operation: EnableBiasedLocking
Event: 4.253 Executing VM operation: EnableBiasedLocking done
Event: 4.468 Thread 0x0000000002190800 Uncommon trap: trap_request=0xffffffad fr.pc=0x0000000002347e80
Event: 4.468 Thread 0x0000000002190800 DEOPT PACKING pc=0x0000000002347e80 sp=0x000000000218e760
Event: 4.468 Thread 0x0000000002190800 DEOPT UNPACKING pc=0x00000000022c75a4 sp=0x000000000218e6d0 mode 2


Dynamic libraries:
0x00007ff6b1b00000 - 0x00007ff6b1b33000 	C:\Program Files\Java\jdk1.7.0_76\bin\java.exe
0x00007ffc8fee0000 - 0x00007ffc9008c000 	C:\WINDOWS\SYSTEM32\ntdll.dll
0x00007ffc8f500000 - 0x00007ffc8f63e000 	C:\WINDOWS\system32\KERNEL32.DLL
0x00007ffc8d100000 - 0x00007ffc8d215000 	C:\WINDOWS\system32\KERNELBASE.dll
0x00007ffc8b410000 - 0x00007ffc8b49e000 	C:\WINDOWS\system32\apphelp.dll
0x00007ffc83640000 - 0x00007ffc83693000 	C:\WINDOWS\AppPatch\AppPatch64\AcGenral.DLL
0x00007ffc8d870000 - 0x00007ffc8d91a000 	C:\WINDOWS\system32\msvcrt.dll
0x00007ffc8cea0000 - 0x00007ffc8cece000 	C:\WINDOWS\SYSTEM32\SspiCli.dll
0x00007ffc8d810000 - 0x00007ffc8d864000 	C:\WINDOWS\system32\SHLWAPI.dll
0x00007ffc8dde0000 - 0x00007ffc8df57000 	C:\WINDOWS\system32\USER32.dll
0x00007ffc8db30000 - 0x00007ffc8dcc4000 	C:\WINDOWS\system32\ole32.dll
0x00007ffc8dfe0000 - 0x00007ffc8f4f9000 	C:\WINDOWS\system32\SHELL32.dll
0x00007ffc8c1c0000 - 0x00007ffc8c1e1000 	C:\WINDOWS\SYSTEM32\USERENV.dll
0x00007ffc8d740000 - 0x00007ffc8d7ea000 	C:\WINDOWS\system32\ADVAPI32.dll
0x00007ffc7e460000 - 0x00007ffc7e47e000 	C:\WINDOWS\SYSTEM32\MPR.dll
0x00007ffc8d920000 - 0x00007ffc8da61000 	C:\WINDOWS\system32\RPCRT4.dll
0x00007ffc8df80000 - 0x00007ffc8dfd9000 	C:\WINDOWS\SYSTEM32\sechost.dll
0x00007ffc8f710000 - 0x00007ffc8f921000 	C:\WINDOWS\SYSTEM32\combase.dll
0x00007ffc8fc10000 - 0x00007ffc8fd61000 	C:\WINDOWS\system32\GDI32.dll
0x00007ffc8d030000 - 0x00007ffc8d045000 	C:\WINDOWS\SYSTEM32\profapi.dll
0x00007ffc8c6d0000 - 0x00007ffc8c782000 	C:\WINDOWS\SYSTEM32\SHCORE.dll
0x00007ffc8dcd0000 - 0x00007ffc8dd06000 	C:\WINDOWS\system32\IMM32.DLL
0x00007ffc8fd80000 - 0x00007ffc8fed2000 	C:\WINDOWS\system32\MSCTF.dll
0x00007ffc8cff0000 - 0x00007ffc8d01f000 	C:\Windows\system32\nvinitx.dll
0x000000000f000000 - 0x000000000f006000 	C:\Program Files\NVIDIA Corporation\CoProcManager\detoured.dll
0x00007ffc8ac40000 - 0x00007ffc8ac9f000 	C:\Program Files\NVIDIA Corporation\CoProcManager\nvd3d9wrapx.dll
0x00007ffc8d560000 - 0x00007ffc8d73a000 	C:\WINDOWS\system32\SETUPAPI.dll
0x00007ffc8d510000 - 0x00007ffc8d55f000 	C:\WINDOWS\system32\CFGMGR32.dll
0x00007ffc8abd0000 - 0x00007ffc8ac16000 	C:\Program Files\NVIDIA Corporation\CoProcManager\nvdxgiwrapx.dll
0x00007ffc8c980000 - 0x00007ffc8cbfa000 	C:\WINDOWS\WinSxS\amd64_microsoft.windows.common-controls_6595b64144ccf1df_6.0.9600.17810_none_6240b9c7ecbd0bda\COMCTL32.dll
0x0000000075310000 - 0x00000000753e2000 	C:\Program Files\Java\jdk1.7.0_76\jre\bin\msvcr100.dll
0x00000000753f0000 - 0x0000000075bc5000 	C:\Program Files\Java\jdk1.7.0_76\jre\bin\server\jvm.dll
0x00007ffc7e270000 - 0x00007ffc7e279000 	C:\WINDOWS\SYSTEM32\WSOCK32.dll
0x00007ffc89d80000 - 0x00007ffc89da2000 	C:\WINDOWS\SYSTEM32\WINMM.dll
0x00007ffc8fd70000 - 0x00007ffc8fd77000 	C:\WINDOWS\system32\PSAPI.DLL
0x00007ffc8fbb0000 - 0x00007ffc8fc0a000 	C:\WINDOWS\system32\WS2_32.dll
0x00007ffc89d50000 - 0x00007ffc89d7a000 	C:\WINDOWS\SYSTEM32\WINMMBASE.dll
0x00007ffc8df60000 - 0x00007ffc8df69000 	C:\WINDOWS\system32\NSI.dll
0x00007ffc8b660000 - 0x00007ffc8b688000 	C:\WINDOWS\SYSTEM32\DEVOBJ.dll
0x00000000769b0000 - 0x00000000769bf000 	C:\Program Files\Java\jdk1.7.0_76\jre\bin\verify.dll
0x0000000076730000 - 0x0000000076758000 	C:\Program Files\Java\jdk1.7.0_76\jre\bin\java.dll
0x0000000076990000 - 0x00000000769a5000 	C:\Program Files\Java\jdk1.7.0_76\jre\bin\zip.dll
0x0000000076710000 - 0x000000007672a000 	C:\Program Files\Java\jdk1.7.0_76\jre\bin\net.dll
0x00007ffc8c480000 - 0x00007ffc8c4d9000 	C:\WINDOWS\system32\mswsock.dll
0x00000000766f0000 - 0x0000000076701000 	C:\Program Files\Java\jdk1.7.0_76\jre\bin\nio.dll

VM Arguments:
jvm_args: -Xmx1024M -Dfile.encoding=windows-1252 -Duser.country=DE -Duser.language=de -Duser.variant 
java_command: com.android.dx.command.Main --dex --output D:\Dropbox_Data\Dropbox\apk\drawer\cheesesquare\app\build\intermediates\pre-dexed\debug\retrofit-1.9.0-023fbc8321f294302f73ecc32abe7e1d5635f3a1.jar C:\Users\CH\.gradle\caches\modules-2\files-2.1\com.squareup.retrofit\retrofit\1.9.0\a681c044244d9fc375198588297a39ba78028423\retrofit-1.9.0.jar
Launcher Type: SUN_STANDARD

Environment Variables:
PATH=C:\ProgramData\Oracle\Java\javapath;C:\Program Files (x86)\Business Objects\Common\3.5\bin\NOTES\;C:\Program Files (x86)\Business Objects\Common\3.5\bin\NOTES\DATA\;C:\WINDOWS\system32;C:\WINDOWS;C:\WINDOWS\System32\Wbem;C:\WINDOWS\System32\WindowsPowerShell\v1.0\;C:\Program Files\Intel\WiFi\bin\;C:\Program Files\Common Files\Intel\WirelessCommon\;C:\Program Files\Intel\WiFi\bin\;C:\Program Files\Common Files\Intel\WirelessCommon\
USERNAME=CH
OS=Windows_NT
PROCESSOR_IDENTIFIER=Intel64 Family 6 Model 42 Stepping 7, GenuineIntel



---------------  S Y S T E M  ---------------

OS: Windows 8.1 , 64 bit Build 9600 

CPU:total 8 (4 cores per cpu, 2 threads per core) family 6 model 42 stepping 7, cmov, cx8, fxsr, mmx, sse, sse2, sse3, ssse3, sse4.1, sse4.2, popcnt, avx, aes, ht, tsc, tscinvbit

Memory: 4k page, physical 8156192k(2692544k free), swap 8287264k(6304k free)

vm_info: Java HotSpot(TM) 64-Bit Server VM (24.76-b04) for windows-amd64 JRE (1.7.0_76-b13), built on Dec 18 2014 16:31:25 by "java_re" with unknown MS VC++:1600

time: Tue Jul 14 21:18:15 2015
elapsed time: 4 seconds

