#
# There is insufficient memory for the Java Runtime Environment to continue.
# Native memory allocation (malloc) failed to allocate 1048576 bytes for AllocateHeap
# Possible reasons:
#   The system is out of physical RAM or swap space
#   In 32 bit mode, the process size limit was hit
# Possible solutions:
#   Reduce memory load on the system
#   Increase physical memory or swap space
#   Check if swap backing store is full
#   Use 64 bit Java on a 64 bit OS
#   Decrease Java heap size (-Xmx/-Xms)
#   Decrease number of Java threads
#   Decrease Java thread stack sizes (-Xss)
#   Set larger code cache with -XX:ReservedCodeCacheSize=
# This output file may be truncated or incomplete.
#
#  Out of Memory Error (memory/allocation.inline.hpp:61), pid=7376, tid=4356
#
# JRE version:  (7.0_76-b13) (build )
# Java VM: Java HotSpot(TM) 64-Bit Server VM (24.76-b04 mixed mode windows-amd64 compressed oops)
# Failed to write core dump. Minidumps are not enabled by default on client versions of Windows
#

---------------  T H R E A D  ---------------

Current thread (0x00000000023b0800):  JavaThread "Unknown thread" [_thread_in_vm, id=4356, stack(0x0000000002270000,0x0000000002370000)]

Stack: [0x0000000002270000,0x0000000002370000]

---------------  P R O C E S S  ---------------

Java Threads: ( => current thread )

Other Threads:

=>0x00000000023b0800 (exited) JavaThread "Unknown thread" [_thread_in_vm, id=4356, stack(0x0000000002270000,0x0000000002370000)]

VM state:not at safepoint (normal execution)

VM Mutex/Monitor currently owned by a thread: None

Heap
 PSYoungGen      total 37376K, used 645K [0x00000000eaa80000, 0x00000000ed400000, 0x0000000100000000)
  eden space 32256K, 2% used [0x00000000eaa80000,0x00000000eab214d0,0x00000000eca00000)
  from space 5120K, 0% used [0x00000000ecf00000,0x00000000ecf00000,0x00000000ed400000)
  to   space 5120K, 0% used [0x00000000eca00000,0x00000000eca00000,0x00000000ecf00000)
 ParOldGen       total 84992K, used 0K [0x00000000c0000000, 0x00000000c5300000, 0x00000000eaa80000)
  object space 84992K, 0% used [0x00000000c0000000,0x00000000c0000000,0x00000000c5300000)
 PSPermGen       total 21504K, used 697K [0x00000000bae00000, 0x00000000bc300000, 0x00000000c0000000)
  object space 21504K, 3% used [0x00000000bae00000,0x00000000baeae588,0x00000000bc300000)

Card table byte_map: [0x0000000005570000,0x00000000057a0000] byte_map_base: 0x0000000004f99000

Polling page: 0x0000000000680000

Code Cache  [0x00000000024b0000, 0x0000000002720000, 0x00000000054b0000)
 total_blobs=38 nmethods=0 adapters=20 free_code_cache=48889Kb largest_free_block=50062528

Compilation events (0 events):
No events

GC Heap History (0 events):
No events

Deoptimization events (0 events):
No events

Internal exceptions (0 events):
No events

Events (10 events):
Event: 0.022 loading class 0x00000000023ff470
Event: 0.023 loading class 0x00000000023ff470 done
Event: 0.023 loading class 0x00000000023ff4c0
Event: 0.024 loading class 0x00000000023ff4c0 done
Event: 0.024 loading class 0x00000000023ff510
Event: 0.024 loading class 0x00000000023ff510 done
Event: 0.025 loading class 0x0000000002400290
Event: 0.025 loading class 0x0000000002400290 done
Event: 0.025 loading class 0x00000000023ffeb0
Event: 0.025 loading class 0x00000000023ffeb0 done


Dynamic libraries:
0x00007ff7f62a0000 - 0x00007ff7f62d3000 	C:\Program Files\Java\jdk1.7.0_76\bin\java.exe
0x00007ffafeae0000 - 0x00007ffafec8c000 	C:\WINDOWS\SYSTEM32\ntdll.dll
0x00007ffafcae0000 - 0x00007ffafcc1e000 	C:\WINDOWS\system32\KERNEL32.DLL
0x00007ffafbf40000 - 0x00007ffafc055000 	C:\WINDOWS\system32\KERNELBASE.dll
0x00007ffafa020000 - 0x00007ffafa0ae000 	C:\WINDOWS\system32\apphelp.dll
0x00007ffaea8a0000 - 0x00007ffaea8f3000 	C:\WINDOWS\AppPatch\AppPatch64\AcGenral.DLL
0x00007ffafc960000 - 0x00007ffafca0a000 	C:\WINDOWS\system32\msvcrt.dll
0x00007ffafbbf0000 - 0x00007ffafbc1e000 	C:\WINDOWS\SYSTEM32\SspiCli.dll
0x00007ffafc8a0000 - 0x00007ffafc8f4000 	C:\WINDOWS\system32\SHLWAPI.dll
0x00007ffafe800000 - 0x00007ffafe977000 	C:\WINDOWS\system32\USER32.dll
0x00007ffafc4b0000 - 0x00007ffafc644000 	C:\WINDOWS\system32\ole32.dll
0x00007ffafd190000 - 0x00007ffafe6a9000 	C:\WINDOWS\system32\SHELL32.dll
0x00007ffafadd0000 - 0x00007ffafadf1000 	C:\WINDOWS\SYSTEM32\USERENV.dll
0x00007ffafc780000 - 0x00007ffafc82a000 	C:\WINDOWS\system32\ADVAPI32.dll
0x00007ffaf0fa0000 - 0x00007ffaf0fbe000 	C:\WINDOWS\SYSTEM32\MPR.dll
0x00007ffafe990000 - 0x00007ffafead1000 	C:\WINDOWS\system32\RPCRT4.dll
0x00007ffafc900000 - 0x00007ffafc959000 	C:\WINDOWS\SYSTEM32\sechost.dll
0x00007ffafcf70000 - 0x00007ffafd181000 	C:\WINDOWS\SYSTEM32\combase.dll
0x00007ffafe6b0000 - 0x00007ffafe7ff000 	C:\WINDOWS\system32\GDI32.dll
0x00007ffafbc40000 - 0x00007ffafbc55000 	C:\WINDOWS\SYSTEM32\profapi.dll
0x00007ffafb110000 - 0x00007ffafb1c2000 	C:\WINDOWS\SYSTEM32\SHCORE.dll
0x00007ffafc860000 - 0x00007ffafc896000 	C:\WINDOWS\system32\IMM32.DLL
0x00007ffafc170000 - 0x00007ffafc2c2000 	C:\WINDOWS\system32\MSCTF.dll
0x00007ffafbbc0000 - 0x00007ffafbbef000 	C:\Windows\system32\nvinitx.dll
0x000000000f000000 - 0x000000000f006000 	C:\Program Files\NVIDIA Corporation\CoProcManager\detoured.dll
0x00007ffaf9640000 - 0x00007ffaf969f000 	C:\Program Files\NVIDIA Corporation\CoProcManager\nvd3d9wrapx.dll
0x00007ffafc2d0000 - 0x00007ffafc4aa000 	C:\WINDOWS\system32\SETUPAPI.dll
0x00007ffafbef0000 - 0x00007ffafbf3f000 	C:\WINDOWS\system32\CFGMGR32.dll
0x00007ffaf9580000 - 0x00007ffaf95c6000 	C:\Program Files\NVIDIA Corporation\CoProcManager\nvdxgiwrapx.dll
0x00007ffafb590000 - 0x00007ffafb80a000 	C:\WINDOWS\WinSxS\amd64_microsoft.windows.common-controls_6595b64144ccf1df_6.0.9600.17810_none_6240b9c7ecbd0bda\COMCTL32.dll
0x0000000059840000 - 0x0000000059912000 	C:\Program Files\Java\jdk1.7.0_76\jre\bin\msvcr100.dll
0x0000000058cd0000 - 0x00000000594a5000 	C:\Program Files\Java\jdk1.7.0_76\jre\bin\server\jvm.dll
0x00007ffae58d0000 - 0x00007ffae58d9000 	C:\WINDOWS\SYSTEM32\WSOCK32.dll
0x00007ffaf8ab0000 - 0x00007ffaf8ad2000 	C:\WINDOWS\SYSTEM32\WINMM.dll
0x00007ffafc850000 - 0x00007ffafc857000 	C:\WINDOWS\system32\PSAPI.DLL
0x00007ffafc650000 - 0x00007ffafc6aa000 	C:\WINDOWS\system32\WS2_32.dll
0x00007ffaf8900000 - 0x00007ffaf892a000 	C:\WINDOWS\SYSTEM32\WINMMBASE.dll
0x00007ffafe980000 - 0x00007ffafe989000 	C:\WINDOWS\system32\NSI.dll
0x00007ffafa270000 - 0x00007ffafa298000 	C:\WINDOWS\SYSTEM32\DEVOBJ.dll
0x0000000059cc0000 - 0x0000000059ccf000 	C:\Program Files\Java\jdk1.7.0_76\jre\bin\verify.dll
0x0000000059c90000 - 0x0000000059cb8000 	C:\Program Files\Java\jdk1.7.0_76\jre\bin\java.dll
0x0000000059c70000 - 0x0000000059c85000 	C:\Program Files\Java\jdk1.7.0_76\jre\bin\zip.dll

VM Arguments:
jvm_args: -Xmx1024M -Dfile.encoding=windows-1252 -Duser.country=DE -Duser.language=de -Duser.variant 
java_command: com.android.dx.command.Main --dex --num-threads=4 --output D:\Dropbox_Data\Dropbox\apk\drawer\cheesesquare\app\build\intermediates\pre-dexed\debug\classes-0f52189d4d0eaab5d0e393cdc27d28ea7996f277.jar D:\Dropbox_Data\Dropbox\apk\drawer\cheesesquare\app\build\intermediates\exploded-aar\com.android.support\support-v4\23.0.0\jars\classes.jar
Launcher Type: SUN_STANDARD

Environment Variables:
PATH=C:\ProgramData\Oracle\Java\javapath;C:\Program Files (x86)\Business Objects\Common\3.5\bin\NOTES\;C:\Program Files (x86)\Business Objects\Common\3.5\bin\NOTES\DATA\;C:\WINDOWS\system32;C:\WINDOWS;C:\WINDOWS\System32\Wbem;C:\WINDOWS\System32\WindowsPowerShell\v1.0\;C:\Program Files\Intel\WiFi\bin\;C:\Program Files\Common Files\Intel\WirelessCommon\;C:\Program Files\Intel\WiFi\bin\;C:\Program Files\Common Files\Intel\WirelessCommon\
USERNAME=CH
OS=Windows_NT
PROCESSOR_IDENTIFIER=Intel64 Family 6 Model 42 Stepping 7, GenuineIntel



---------------  S Y S T E M  ---------------

OS: Windows 8.1 , 64 bit Build 9600 

CPU:total 8 (4 cores per cpu, 2 threads per core) family 6 model 42 stepping 7, cmov, cx8, fxsr, mmx, sse, sse2, sse3, ssse3, sse4.1, sse4.2, popcnt, avx, aes, ht, tsc, tscinvbit

Memory: 4k page, physical 8156192k(2591064k free), swap 8287264k(5592k free)

vm_info: Java HotSpot(TM) 64-Bit Server VM (24.76-b04) for windows-amd64 JRE (1.7.0_76-b13), built on Dec 18 2014 16:31:25 by "java_re" with unknown MS VC++:1600

time: Fri Sep 04 14:18:14 2015
elapsed time: 0 seconds

