#
# There is insufficient memory for the Java Runtime Environment to continue.
# Native memory allocation (malloc) failed to allocate 1048576 bytes for AllocateHeap
# Possible reasons:
#   The system is out of physical RAM or swap space
#   In 32 bit mode, the process size limit was hit
# Possible solutions:
#   Reduce memory load on the system
#   Increase physical memory or swap space
#   Check if swap backing store is full
#   Use 64 bit Java on a 64 bit OS
#   Decrease Java heap size (-Xmx/-Xms)
#   Decrease number of Java threads
#   Decrease Java thread stack sizes (-Xss)
#   Set larger code cache with -XX:ReservedCodeCacheSize=
# This output file may be truncated or incomplete.
#
#  Out of Memory Error (memory/allocation.inline.hpp:61), pid=9072, tid=6780
#
# JRE version:  (7.0_76-b13) (build )
# Java VM: Java HotSpot(TM) 64-Bit Server VM (24.76-b04 mixed mode windows-amd64 compressed oops)
# Failed to write core dump. Minidumps are not enabled by default on client versions of Windows
#

---------------  T H R E A D  ---------------

Current thread (0x0000000003140800):  JavaThread "Unknown thread" [_thread_in_vm, id=6780, stack(0x0000000002f70000,0x0000000003070000)]

Stack: [0x0000000002f70000,0x0000000003070000]

---------------  P R O C E S S  ---------------

Java Threads: ( => current thread )

Other Threads:

=>0x0000000003140800 (exited) JavaThread "Unknown thread" [_thread_in_vm, id=6780, stack(0x0000000002f70000,0x0000000003070000)]

VM state:not at safepoint (normal execution)

VM Mutex/Monitor currently owned by a thread: None

Heap
 PSYoungGen      total 37376K, used 645K [0x00000000eaa80000, 0x00000000ed400000, 0x0000000100000000)
  eden space 32256K, 2% used [0x00000000eaa80000,0x00000000eab214d0,0x00000000eca00000)
  from space 5120K, 0% used [0x00000000ecf00000,0x00000000ecf00000,0x00000000ed400000)
  to   space 5120K, 0% used [0x00000000eca00000,0x00000000eca00000,0x00000000ecf00000)
 ParOldGen       total 84992K, used 0K [0x00000000c0000000, 0x00000000c5300000, 0x00000000eaa80000)
  object space 84992K, 0% used [0x00000000c0000000,0x00000000c0000000,0x00000000c5300000)
 PSPermGen       total 21504K, used 697K [0x00000000bae00000, 0x00000000bc300000, 0x00000000c0000000)
  object space 21504K, 3% used [0x00000000bae00000,0x00000000baeae588,0x00000000bc300000)

Card table byte_map: [0x0000000006240000,0x0000000006470000] byte_map_base: 0x0000000005c69000

Polling page: 0x00000000011e0000

Code Cache  [0x0000000003240000, 0x00000000034b0000, 0x0000000006240000)
 total_blobs=38 nmethods=0 adapters=20 free_code_cache=48889Kb largest_free_block=50062528

Compilation events (0 events):
No events

GC Heap History (0 events):
No events

Deoptimization events (0 events):
No events

Internal exceptions (0 events):
No events

Events (10 events):
Event: 0.023 loading class 0x000000000318f440
Event: 0.023 loading class 0x000000000318f440 done
Event: 0.023 loading class 0x000000000318f490
Event: 0.024 loading class 0x000000000318f490 done
Event: 0.024 loading class 0x000000000318f4e0
Event: 0.024 loading class 0x000000000318f4e0 done
Event: 0.025 loading class 0x0000000003190260
Event: 0.025 loading class 0x0000000003190260 done
Event: 0.025 loading class 0x000000000318fe80
Event: 0.025 loading class 0x000000000318fe80 done


Dynamic libraries:
0x00007ff607740000 - 0x00007ff607773000 	C:\Program Files\Java\jdk1.7.0_76\bin\java.exe
0x00007ffaf4130000 - 0x00007ffaf42dc000 	C:\WINDOWS\SYSTEM32\ntdll.dll
0x00007ffaf1a80000 - 0x00007ffaf1bbe000 	C:\WINDOWS\system32\KERNEL32.DLL
0x00007ffaf13b0000 - 0x00007ffaf14c5000 	C:\WINDOWS\system32\KERNELBASE.dll
0x00007ffaef830000 - 0x00007ffaef8be000 	C:\WINDOWS\system32\apphelp.dll
0x00007ffae8180000 - 0x00007ffae81d3000 	C:\WINDOWS\AppPatch\AppPatch64\AcGenral.DLL
0x00007ffaf1910000 - 0x00007ffaf19ba000 	C:\WINDOWS\system32\msvcrt.dll
0x00007ffaf1090000 - 0x00007ffaf10be000 	C:\WINDOWS\SYSTEM32\SspiCli.dll
0x00007ffaf1a20000 - 0x00007ffaf1a74000 	C:\WINDOWS\system32\SHLWAPI.dll
0x00007ffaf3b70000 - 0x00007ffaf3ce7000 	C:\WINDOWS\system32\USER32.dll
0x00007ffaf39c0000 - 0x00007ffaf3b54000 	C:\WINDOWS\system32\ole32.dll
0x00007ffaf2020000 - 0x00007ffaf3539000 	C:\WINDOWS\system32\SHELL32.dll
0x00007ffaf0a50000 - 0x00007ffaf0a71000 	C:\WINDOWS\SYSTEM32\USERENV.dll
0x00007ffaf3f50000 - 0x00007ffaf3ffa000 	C:\WINDOWS\system32\ADVAPI32.dll
0x00007ffadd030000 - 0x00007ffadd04e000 	C:\WINDOWS\SYSTEM32\MPR.dll
0x00007ffaf17c0000 - 0x00007ffaf1901000 	C:\WINDOWS\system32\RPCRT4.dll
0x00007ffaf3540000 - 0x00007ffaf3599000 	C:\WINDOWS\SYSTEM32\sechost.dll
0x00007ffaf1bc0000 - 0x00007ffaf1dd1000 	C:\WINDOWS\SYSTEM32\combase.dll
0x00007ffaf1ed0000 - 0x00007ffaf2020000 	C:\WINDOWS\system32\GDI32.dll
0x00007ffaf1290000 - 0x00007ffaf12a5000 	C:\WINDOWS\SYSTEM32\profapi.dll
0x00007ffaef200000 - 0x00007ffaef2b2000 	C:\WINDOWS\SYSTEM32\SHCORE.dll
0x00007ffaf38c0000 - 0x00007ffaf38f6000 	C:\WINDOWS\system32\IMM32.DLL
0x00007ffaf3750000 - 0x00007ffaf38a2000 	C:\WINDOWS\system32\MSCTF.dll
0x00007ffaf1250000 - 0x00007ffaf127f000 	C:\Windows\system32\nvinitx.dll
0x000000000f000000 - 0x000000000f006000 	C:\Program Files\NVIDIA Corporation\CoProcManager\detoured.dll
0x00007ffaeef80000 - 0x00007ffaeefdf000 	C:\Program Files\NVIDIA Corporation\CoProcManager\nvd3d9wrapx.dll
0x00007ffaf3d70000 - 0x00007ffaf3f4a000 	C:\WINDOWS\system32\SETUPAPI.dll
0x00007ffaf1360000 - 0x00007ffaf13af000 	C:\WINDOWS\system32\CFGMGR32.dll
0x00007ffaeee80000 - 0x00007ffaeeec6000 	C:\Program Files\NVIDIA Corporation\CoProcManager\nvdxgiwrapx.dll
0x00007ffaf0350000 - 0x00007ffaf05ca000 	C:\WINDOWS\WinSxS\amd64_microsoft.windows.common-controls_6595b64144ccf1df_6.0.9600.17810_none_6240b9c7ecbd0bda\COMCTL32.dll
0x0000000077c40000 - 0x0000000077d12000 	C:\Program Files\Java\jdk1.7.0_76\jre\bin\msvcr100.dll
0x00000000501c0000 - 0x0000000050995000 	C:\Program Files\Java\jdk1.7.0_76\jre\bin\server\jvm.dll
0x00007ffad53a0000 - 0x00007ffad53a9000 	C:\WINDOWS\SYSTEM32\WSOCK32.dll
0x00007ffaee660000 - 0x00007ffaee682000 	C:\WINDOWS\SYSTEM32\WINMM.dll
0x00007ffaf38b0000 - 0x00007ffaf38b7000 	C:\WINDOWS\system32\PSAPI.DLL
0x00007ffaf19c0000 - 0x00007ffaf1a1a000 	C:\WINDOWS\system32\WS2_32.dll
0x00007ffaed3f0000 - 0x00007ffaed41a000 	C:\WINDOWS\SYSTEM32\WINMMBASE.dll
0x00007ffaf1e00000 - 0x00007ffaf1e09000 	C:\WINDOWS\system32\NSI.dll
0x00007ffaefa80000 - 0x00007ffaefaa8000 	C:\WINDOWS\SYSTEM32\DEVOBJ.dll
0x00000000500d0000 - 0x00000000500df000 	C:\Program Files\Java\jdk1.7.0_76\jre\bin\verify.dll
0x00000000500a0000 - 0x00000000500c8000 	C:\Program Files\Java\jdk1.7.0_76\jre\bin\java.dll
0x0000000050080000 - 0x0000000050095000 	C:\Program Files\Java\jdk1.7.0_76\jre\bin\zip.dll

VM Arguments:
jvm_args: -Xmx1024M -Dfile.encoding=windows-1252 -Duser.country=DE -Duser.language=de -Duser.variant 
java_command: com.android.dx.command.Main --dex --output D:\Dropbox_Data\Dropbox\apk\drawer\cheesesquare\app\build\intermediates\pre-dexed\debug\classes-6c895b1324970ebbfaa819f9910f1434a07728dd.jar D:\Dropbox_Data\Dropbox\apk\drawer\cheesesquare\app\build\intermediates\exploded-aar\com.android.support\design\22.2.1\jars\classes.jar
Launcher Type: SUN_STANDARD

Environment Variables:
PATH=C:\ProgramData\Oracle\Java\javapath;C:\Program Files (x86)\Business Objects\Common\3.5\bin\NOTES\;C:\Program Files (x86)\Business Objects\Common\3.5\bin\NOTES\DATA\;C:\WINDOWS\system32;C:\WINDOWS;C:\WINDOWS\System32\Wbem;C:\WINDOWS\System32\WindowsPowerShell\v1.0\;C:\Program Files\Intel\WiFi\bin\;C:\Program Files\Common Files\Intel\WirelessCommon\;C:\Program Files\Intel\WiFi\bin\;C:\Program Files\Common Files\Intel\WirelessCommon\
USERNAME=CH
OS=Windows_NT
PROCESSOR_IDENTIFIER=Intel64 Family 6 Model 42 Stepping 7, GenuineIntel



---------------  S Y S T E M  ---------------

OS: Windows 8.1 , 64 bit Build 9600 

CPU:total 8 (4 cores per cpu, 2 threads per core) family 6 model 42 stepping 7, cmov, cx8, fxsr, mmx, sse, sse2, sse3, ssse3, sse4.1, sse4.2, popcnt, avx, aes, ht, tsc, tscinvbit

Memory: 4k page, physical 8156192k(2573468k free), swap 8287264k(5884k free)

vm_info: Java HotSpot(TM) 64-Bit Server VM (24.76-b04) for windows-amd64 JRE (1.7.0_76-b13), built on Dec 18 2014 16:31:25 by "java_re" with unknown MS VC++:1600

time: Thu Aug 13 21:20:52 2015
elapsed time: 0 seconds

