#
# There is insufficient memory for the Java Runtime Environment to continue.
# Native memory allocation (malloc) failed to allocate 550736 bytes for Chunk::new
# Possible reasons:
#   The system is out of physical RAM or swap space
#   In 32 bit mode, the process size limit was hit
# Possible solutions:
#   Reduce memory load on the system
#   Increase physical memory or swap space
#   Check if swap backing store is full
#   Use 64 bit Java on a 64 bit OS
#   Decrease Java heap size (-Xmx/-Xms)
#   Decrease number of Java threads
#   Decrease Java thread stack sizes (-Xss)
#   Set larger code cache with -XX:ReservedCodeCacheSize=
# This output file may be truncated or incomplete.
#
#  Out of Memory Error (allocation.cpp:323), pid=8168, tid=5836
#
# JRE version: Java(TM) SE Runtime Environment (7.0_76-b13) (build 1.7.0_76-b13)
# Java VM: Java HotSpot(TM) 64-Bit Server VM (24.76-b04 mixed mode windows-amd64 compressed oops)
# Failed to write core dump. Minidumps are not enabled by default on client versions of Windows
#

---------------  T H R E A D  ---------------

Current thread (0x0000000002dc0800):  JavaThread "C2 CompilerThread1" daemon [_thread_in_native, id=5836, stack(0x000000000b7c0000,0x000000000b8c0000)]

Stack: [0x000000000b7c0000,0x000000000b8c0000]

Current CompileTask:
C2:   2242  148             com.android.dx.ssa.SsaConverter::placePhiFunctions (394 bytes)


---------------  P R O C E S S  ---------------

Java Threads: ( => current thread )
  0x000000000b317000 JavaThread "pool-1-thread-4" [_thread_in_Java, id=2560, stack(0x000000000bec0000,0x000000000bfc0000)]
  0x000000000b314800 JavaThread "pool-1-thread-3" [_thread_in_Java, id=7892, stack(0x000000000bdc0000,0x000000000bec0000)]
  0x000000000b313800 JavaThread "pool-1-thread-2" [_thread_in_Java, id=7744, stack(0x000000000bcc0000,0x000000000bdc0000)]
  0x000000000b207800 JavaThread "pool-2-thread-1" [_thread_in_Java, id=2792, stack(0x000000000bbc0000,0x000000000bcc0000)]
  0x000000000b199000 JavaThread "pool-1-thread-1" [_thread_in_Java, id=8120, stack(0x000000000bac0000,0x000000000bbc0000)]
  0x0000000002dcb800 JavaThread "Service Thread" daemon [_thread_blocked, id=2220, stack(0x000000000b8c0000,0x000000000b9c0000)]
=>0x0000000002dc0800 JavaThread "C2 CompilerThread1" daemon [_thread_in_native, id=5836, stack(0x000000000b7c0000,0x000000000b8c0000)]
  0x0000000002dbe800 JavaThread "C2 CompilerThread0" daemon [_thread_in_native, id=3240, stack(0x000000000b6c0000,0x000000000b7c0000)]
  0x0000000002dbe000 JavaThread "Attach Listener" daemon [_thread_blocked, id=208, stack(0x000000000b5c0000,0x000000000b6c0000)]
  0x0000000002db9000 JavaThread "Signal Dispatcher" daemon [_thread_blocked, id=7552, stack(0x000000000b4c0000,0x000000000b5c0000)]
  0x00000000090cb000 JavaThread "Finalizer" daemon [_thread_blocked, id=2072, stack(0x000000000afc0000,0x000000000b0c0000)]
  0x00000000090ca000 JavaThread "Reference Handler" daemon [_thread_blocked, id=7548, stack(0x000000000aec0000,0x000000000afc0000)]
  0x0000000002cd0800 JavaThread "main" [_thread_in_Java, id=1324, stack(0x0000000002bd0000,0x0000000002cd0000)]

Other Threads:
  0x00000000090c5000 VMThread [stack: 0x000000000adc0000,0x000000000aec0000] [id=2164]
  0x000000000b0ea800 WatcherThread [stack: 0x000000000b9c0000,0x000000000bac0000] [id=2748]

VM state:not at safepoint (normal execution)

VM Mutex/Monitor currently owned by a thread: None

Heap
 PSYoungGen      total 37376K, used 22055K [0x00000000eaa80000, 0x00000000ed400000, 0x0000000100000000)
  eden space 32256K, 68% used [0x00000000eaa80000,0x00000000ec009c20,0x00000000eca00000)
  from space 5120K, 0% used [0x00000000ecf00000,0x00000000ecf00000,0x00000000ed400000)
  to   space 5120K, 0% used [0x00000000eca00000,0x00000000eca00000,0x00000000ecf00000)
 ParOldGen       total 84992K, used 0K [0x00000000c0000000, 0x00000000c5300000, 0x00000000eaa80000)
  object space 84992K, 0% used [0x00000000c0000000,0x00000000c0000000,0x00000000c5300000)
 PSPermGen       total 21504K, used 5665K [0x00000000bae00000, 0x00000000bc300000, 0x00000000c0000000)
  object space 21504K, 26% used [0x00000000bae00000,0x00000000bb388468,0x00000000bc300000)

Card table byte_map: [0x0000000005e90000,0x00000000060c0000] byte_map_base: 0x00000000058b9000

Polling page: 0x00000000010e0000

Code Cache  [0x0000000002dd0000, 0x0000000003040000, 0x0000000005dd0000)
 total_blobs=395 nmethods=158 adapters=189 free_code_cache=48510Kb largest_free_block=49653120

Compilation events (10 events):
Event: 2.223 Thread 0x0000000002dbe800 nmethod 155 0x0000000002e6f250 code [0x0000000002e6f380, 0x0000000002e6f418]
Event: 2.224 Thread 0x0000000002dbe800  156             com.android.dx.util.MutabilityControl::throwIfMutable (18 bytes)
Event: 2.224 Thread 0x0000000002dbe800 nmethod 156 0x0000000002e6e7d0 code [0x0000000002e6e900, 0x0000000002e6e958]
Event: 2.224 Thread 0x0000000002dbe800  157             com.android.dx.ssa.NormalSsaInsn::isNormalMoveInsn (20 bytes)
Event: 2.225 Thread 0x0000000002dbe800 nmethod 157 0x0000000002e6e590 code [0x0000000002e6e6c0, 0x0000000002e6e738]
Event: 2.225 Thread 0x0000000002dbe800  158             com.android.dx.ssa.SsaBasicBlock::getParent (5 bytes)
Event: 2.225 Thread 0x0000000002dbe800 nmethod 158 0x0000000002e6e390 code [0x0000000002e6e4c0, 0x0000000002e6e518]
Event: 2.226 Thread 0x0000000002dbe800  159             com.android.dx.ssa.DeadCodeRemover::access$000 (5 bytes)
Event: 2.229 Thread 0x0000000002dbe800 nmethod 159 0x0000000002e6dd50 code [0x0000000002e6dea0, 0x0000000002e6e038]
Event: 2.233 Thread 0x0000000002dbe800  160             com.android.dx.ssa.back.LivenessAnalyzer::run (231 bytes)

GC Heap History (0 events):
No events

Deoptimization events (3 events):
Event: 1.765 Thread 0x000000000b313800 Uncommon trap: reason=class_check action=maybe_recompile pc=0x0000000002e47174 method=com.android.dx.ssa.NormalSsaInsn.accept(Lcom/android/dx/ssa/SsaInsn$Visitor;)V @ 9
Event: 1.788 Thread 0x000000000b317000 Uncommon trap: reason=null_check action=make_not_entrant pc=0x0000000002e4e474 method=com.android.dx.rop.code.LocalItem.equals(Ljava/lang/Object;)Z @ 1
Event: 1.870 Thread 0x000000000b314800 Uncommon trap: reason=unreached action=reinterpret pc=0x0000000002e52784 method=com.android.dx.rop.cst.Constant.compareTo(Lcom/android/dx/rop/cst/Constant;)I @ 12

Internal exceptions (10 events):
Event: 0.949 Thread 0x0000000002cd0800 Threw 0x00000000eb81aea8 at C:\re\jdk7u76\1941\hotspot\src\share\vm\prims\jvm.cpp:1304
Event: 1.268 Thread 0x0000000002cd0800 Threw 0x00000000eb829890 at C:\re\jdk7u76\1941\hotspot\src\share\vm\prims\jvm.cpp:1304
Event: 1.268 Thread 0x0000000002cd0800 Threw 0x00000000eb82baf8 at C:\re\jdk7u76\1941\hotspot\src\share\vm\prims\jvm.cpp:1304
Event: 1.788 Thread 0x000000000b317000 Implicit null exception at 0x0000000002e4e11b to 0x0000000002e4e461
Event: 1.794 Thread 0x000000000b317000 Threw 0x00000000eb9c22e8 at C:\re\jdk7u76\1941\hotspot\src\share\vm\prims\jvm.cpp:1304
Event: 1.853 Thread 0x000000000b314800 Threw 0x00000000eb673840 at C:\re\jdk7u76\1941\hotspot\src\share\vm\prims\jvm.cpp:1304
Event: 1.855 Thread 0x000000000b314800 Threw 0x00000000eb678e50 at C:\re\jdk7u76\1941\hotspot\src\share\vm\prims\jvm.cpp:1304
Event: 1.855 Thread 0x000000000b314800 Threw 0x00000000eb67e1f0 at C:\re\jdk7u76\1941\hotspot\src\share\vm\prims\jvm.cpp:1304
Event: 2.041 Thread 0x000000000b314800 Threw 0x00000000ebb51d48 at C:\re\jdk7u76\1941\hotspot\src\share\vm\prims\jvm.cpp:1304
Event: 2.043 Thread 0x0000000002cd0800 Threw 0x00000000ebc4eca8 at C:\re\jdk7u76\1941\hotspot\src\share\vm\prims\jvm.cpp:1304

Events (10 events):
Event: 2.039 loading class 0x000000000b0ee600
Event: 2.040 loading class 0x000000000b0ee600 done
Event: 2.040 loading class 0x000000000b0ee5d0
Event: 2.040 loading class 0x000000000b0ee5d0 done
Event: 2.041 loading class 0x000000000b38c120
Event: 2.041 loading class 0x000000000b38c120 done
Event: 2.043 loading class 0x000000000b11bd70
Event: 2.043 loading class 0x000000000b11bd70 done
Event: 2.089 loading class 0x0000000002d56100
Event: 2.089 loading class 0x0000000002d56100 done


Dynamic libraries:
0x00007ff7d9580000 - 0x00007ff7d95b3000 	C:\Program Files\Java\jdk1.7.0_76\bin\java.exe
0x00007ffb33760000 - 0x00007ffb3390c000 	C:\WINDOWS\SYSTEM32\ntdll.dll
0x00007ffb32970000 - 0x00007ffb32aae000 	C:\WINDOWS\system32\KERNEL32.DLL
0x00007ffb30cd0000 - 0x00007ffb30de5000 	C:\WINDOWS\system32\KERNELBASE.dll
0x00007ffb2ee60000 - 0x00007ffb2eeee000 	C:\WINDOWS\system32\apphelp.dll
0x00007ffb26500000 - 0x00007ffb26553000 	C:\WINDOWS\AppPatch\AppPatch64\AcGenral.DLL
0x00007ffb32660000 - 0x00007ffb3270a000 	C:\WINDOWS\system32\msvcrt.dll
0x00007ffb30730000 - 0x00007ffb3075e000 	C:\WINDOWS\SYSTEM32\SspiCli.dll
0x00007ffb32910000 - 0x00007ffb32964000 	C:\WINDOWS\system32\SHLWAPI.dll
0x00007ffb324e0000 - 0x00007ffb32657000 	C:\WINDOWS\system32\USER32.dll
0x00007ffb33470000 - 0x00007ffb33604000 	C:\WINDOWS\system32\ole32.dll
0x00007ffb30fc0000 - 0x00007ffb324d9000 	C:\WINDOWS\system32\SHELL32.dll
0x00007ffb2feb0000 - 0x00007ffb2fed1000 	C:\WINDOWS\SYSTEM32\USERENV.dll
0x00007ffb32860000 - 0x00007ffb3290a000 	C:\WINDOWS\system32\ADVAPI32.dll
0x00007ffb28650000 - 0x00007ffb2866e000 	C:\WINDOWS\SYSTEM32\MPR.dll
0x00007ffb32d70000 - 0x00007ffb32eb1000 	C:\WINDOWS\system32\RPCRT4.dll
0x00007ffb33410000 - 0x00007ffb33469000 	C:\WINDOWS\SYSTEM32\sechost.dll
0x00007ffb330c0000 - 0x00007ffb332d1000 	C:\WINDOWS\SYSTEM32\combase.dll
0x00007ffb32710000 - 0x00007ffb3285f000 	C:\WINDOWS\system32\GDI32.dll
0x00007ffb308c0000 - 0x00007ffb308d5000 	C:\WINDOWS\SYSTEM32\profapi.dll
0x00007ffb2e830000 - 0x00007ffb2e8e2000 	C:\WINDOWS\SYSTEM32\SHCORE.dll
0x00007ffb32ed0000 - 0x00007ffb32f06000 	C:\WINDOWS\system32\IMM32.DLL
0x00007ffb30df0000 - 0x00007ffb30f42000 	C:\WINDOWS\system32\MSCTF.dll
0x00007ffb30880000 - 0x00007ffb308af000 	C:\Windows\system32\nvinitx.dll
0x000000000f000000 - 0x000000000f006000 	C:\Program Files\NVIDIA Corporation\CoProcManager\detoured.dll
0x00007ffb2e520000 - 0x00007ffb2e57f000 	C:\Program Files\NVIDIA Corporation\CoProcManager\nvd3d9wrapx.dll
0x00007ffb32b90000 - 0x00007ffb32d6a000 	C:\WINDOWS\system32\SETUPAPI.dll
0x00007ffb30990000 - 0x00007ffb309df000 	C:\WINDOWS\system32\CFGMGR32.dll
0x00007ffb2e470000 - 0x00007ffb2e4b6000 	C:\Program Files\NVIDIA Corporation\CoProcManager\nvdxgiwrapx.dll
0x00007ffb2f9c0000 - 0x00007ffb2fc3a000 	C:\WINDOWS\WinSxS\amd64_microsoft.windows.common-controls_6595b64144ccf1df_6.0.9600.17810_none_6240b9c7ecbd0bda\COMCTL32.dll
0x0000000075410000 - 0x00000000754e2000 	C:\Program Files\Java\jdk1.7.0_76\jre\bin\msvcr100.dll
0x0000000075870000 - 0x0000000076045000 	C:\Program Files\Java\jdk1.7.0_76\jre\bin\server\jvm.dll
0x00007ffb0bc60000 - 0x00007ffb0bc69000 	C:\WINDOWS\SYSTEM32\WSOCK32.dll
0x00007ffb2cc50000 - 0x00007ffb2cc72000 	C:\WINDOWS\SYSTEM32\WINMM.dll
0x00007ffb33750000 - 0x00007ffb33757000 	C:\WINDOWS\system32\PSAPI.DLL
0x00007ffb336f0000 - 0x00007ffb3374a000 	C:\WINDOWS\system32\WS2_32.dll
0x00007ffb2cc20000 - 0x00007ffb2cc4a000 	C:\WINDOWS\SYSTEM32\WINMMBASE.dll
0x00007ffb30fb0000 - 0x00007ffb30fb9000 	C:\WINDOWS\system32\NSI.dll
0x00007ffb2f0b0000 - 0x00007ffb2f0d8000 	C:\WINDOWS\SYSTEM32\DEVOBJ.dll
0x0000000050700000 - 0x000000005070f000 	C:\Program Files\Java\jdk1.7.0_76\jre\bin\verify.dll
0x00000000506d0000 - 0x00000000506f8000 	C:\Program Files\Java\jdk1.7.0_76\jre\bin\java.dll
0x00000000506b0000 - 0x00000000506c5000 	C:\Program Files\Java\jdk1.7.0_76\jre\bin\zip.dll
0x0000000050690000 - 0x00000000506aa000 	C:\Program Files\Java\jdk1.7.0_76\jre\bin\net.dll
0x00007ffb30170000 - 0x00007ffb301c9000 	C:\WINDOWS\system32\mswsock.dll
0x0000000050670000 - 0x0000000050681000 	C:\Program Files\Java\jdk1.7.0_76\jre\bin\nio.dll

VM Arguments:
jvm_args: -Xmx1024M -Dfile.encoding=windows-1252 -Duser.country=DE -Duser.language=de -Duser.variant 
java_command: com.android.dx.command.Main --dex --num-threads=4 --output D:\Dropbox_Data\Dropbox\apk\drawer\cheesesquare\app\build\intermediates\pre-dexed\debug\classes-930b0c256eecfbe16d64c0c70298ad13f9af33cb.jar D:\Dropbox_Data\Dropbox\apk\drawer\cheesesquare\app\build\intermediates\exploded-aar\com.android.support\support-v4\23.0.1\jars\classes.jar
Launcher Type: SUN_STANDARD

Environment Variables:
PATH=C:\ProgramData\Oracle\Java\javapath;C:\Program Files (x86)\Business Objects\Common\3.5\bin\NOTES\;C:\Program Files (x86)\Business Objects\Common\3.5\bin\NOTES\DATA\;C:\WINDOWS\system32;C:\WINDOWS;C:\WINDOWS\System32\Wbem;C:\WINDOWS\System32\WindowsPowerShell\v1.0\;C:\Program Files\Intel\WiFi\bin\;C:\Program Files\Common Files\Intel\WirelessCommon\;C:\Program Files\Intel\WiFi\bin\;C:\Program Files\Common Files\Intel\WirelessCommon\
USERNAME=CH
OS=Windows_NT
PROCESSOR_IDENTIFIER=Intel64 Family 6 Model 42 Stepping 7, GenuineIntel



---------------  S Y S T E M  ---------------

OS: Windows 8.1 , 64 bit Build 9600 

CPU:total 8 (4 cores per cpu, 2 threads per core) family 6 model 42 stepping 7, cmov, cx8, fxsr, mmx, sse, sse2, sse3, ssse3, sse4.1, sse4.2, popcnt, avx, aes, ht, tsc, tscinvbit

Memory: 4k page, physical 8156192k(2245536k free), swap 8287264k(6712k free)

vm_info: Java HotSpot(TM) 64-Bit Server VM (24.76-b04) for windows-amd64 JRE (1.7.0_76-b13), built on Dec 18 2014 16:31:25 by "java_re" with unknown MS VC++:1600

time: Sun Sep 06 11:30:16 2015
elapsed time: 2 seconds

