#
# There is insufficient memory for the Java Runtime Environment to continue.
# Native memory allocation (malloc) failed to allocate 116304 bytes for Chunk::new
# Possible reasons:
#   The system is out of physical RAM or swap space
#   In 32 bit mode, the process size limit was hit
# Possible solutions:
#   Reduce memory load on the system
#   Increase physical memory or swap space
#   Check if swap backing store is full
#   Use 64 bit Java on a 64 bit OS
#   Decrease Java heap size (-Xmx/-Xms)
#   Decrease number of Java threads
#   Decrease Java thread stack sizes (-Xss)
#   Set larger code cache with -XX:ReservedCodeCacheSize=
# This output file may be truncated or incomplete.
#
#  Out of Memory Error (allocation.cpp:323), pid=8316, tid=9328
#
# JRE version: Java(TM) SE Runtime Environment (7.0_76-b13) (build 1.7.0_76-b13)
# Java VM: Java HotSpot(TM) 64-Bit Server VM (24.76-b04 mixed mode windows-amd64 compressed oops)
# Failed to write core dump. Minidumps are not enabled by default on client versions of Windows
#

---------------  T H R E A D  ---------------

Current thread (0x00000000086ee000):  JavaThread "C2 CompilerThread1" daemon [_thread_in_native, id=9328, stack(0x000000000adb0000,0x000000000aeb0000)]

Stack: [0x000000000adb0000,0x000000000aeb0000]

Current CompileTask:
C2:   6738  372             com.android.dx.ssa.DeadCodeRemover::run (194 bytes)


---------------  P R O C E S S  ---------------

Java Threads: ( => current thread )
  0x0000000002441000 JavaThread "Service Thread" daemon [_thread_blocked, id=9332, stack(0x000000000aeb0000,0x000000000afb0000)]
=>0x00000000086ee000 JavaThread "C2 CompilerThread1" daemon [_thread_in_native, id=9328, stack(0x000000000adb0000,0x000000000aeb0000)]
  0x00000000086ec800 JavaThread "C2 CompilerThread0" daemon [_thread_in_vm, id=9324, stack(0x000000000acb0000,0x000000000adb0000)]
  0x0000000002440000 JavaThread "Attach Listener" daemon [_thread_blocked, id=9320, stack(0x000000000abb0000,0x000000000acb0000)]
  0x00000000086eb800 JavaThread "Signal Dispatcher" daemon [_thread_blocked, id=9316, stack(0x000000000aab0000,0x000000000abb0000)]
  0x00000000086dc000 JavaThread "Finalizer" daemon [_thread_blocked, id=5572, stack(0x000000000a5b0000,0x000000000a6b0000)]
  0x00000000086db000 JavaThread "Reference Handler" daemon [_thread_blocked, id=7172, stack(0x000000000a4b0000,0x000000000a5b0000)]
  0x0000000002350800 JavaThread "main" [_thread_in_vm, id=7296, stack(0x0000000002250000,0x0000000002350000)]

Other Threads:
  0x00000000086d6000 VMThread [stack: 0x000000000a3b0000,0x000000000a4b0000] [id=6072]
  0x0000000002447800 WatcherThread [stack: 0x000000000afb0000,0x000000000b0b0000] [id=9336]

VM state:not at safepoint (normal execution)

VM Mutex/Monitor currently owned by a thread: None

Heap
 PSYoungGen      total 69632K, used 10197K [0x00000000eaa80000, 0x00000000ef380000, 0x0000000100000000)
  eden space 64512K, 7% used [0x00000000eaa80000,0x00000000eaf788b8,0x00000000ee980000)
  from space 5120K, 99% used [0x00000000eee80000,0x00000000ef37cd18,0x00000000ef380000)
  to   space 5120K, 0% used [0x00000000ee980000,0x00000000ee980000,0x00000000eee80000)
 ParOldGen       total 84992K, used 6907K [0x00000000c0000000, 0x00000000c5300000, 0x00000000eaa80000)
  object space 84992K, 8% used [0x00000000c0000000,0x00000000c06bee18,0x00000000c5300000)
 PSPermGen       total 21504K, used 5638K [0x00000000bae00000, 0x00000000bc300000, 0x00000000c0000000)
  object space 21504K, 26% used [0x00000000bae00000,0x00000000bb381bd8,0x00000000bc300000)

Card table byte_map: [0x0000000005450000,0x0000000005680000] byte_map_base: 0x0000000004e79000

Polling page: 0x0000000000940000

Code Cache  [0x0000000002450000, 0x00000000026c0000, 0x0000000005450000)
 total_blobs=609 nmethods=375 adapters=186 free_code_cache=47717Kb largest_free_block=48828352

Compilation events (10 events):
Event: 6.663 Thread 0x00000000086ec800 nmethod 377 0x00000000025b1d90 code [0x00000000025b1ee0, 0x00000000025b20c8]
Event: 6.663 Thread 0x00000000086ec800  378             com.android.dx.rop.cst.TypedConstant::<init> (5 bytes)
Event: 6.663 Thread 0x00000000086ec800 nmethod 378 0x00000000025b1b90 code [0x00000000025b1cc0, 0x00000000025b1d18]
Event: 6.664 Thread 0x00000000086ec800  379             com.android.dx.ssa.SsaBasicBlock::exitBlockFixup (58 bytes)
Event: 6.688 Thread 0x00000000086ec800 nmethod 379 0x00000000025b7290 code [0x00000000025b7400, 0x00000000025b7af8]
Event: 6.720 Thread 0x00000000086ec800  380             com.android.dx.ssa.SsaBasicBlock::getPhiInsns (13 bytes)
Event: 6.730 Thread 0x00000000086ec800 nmethod 380 0x00000000025af690 code [0x00000000025af800, 0x00000000025afad8]
Event: 6.731 Thread 0x00000000086ec800  381             com.android.dx.cf.code.ExecutionStack::size (5 bytes)
Event: 6.731 Thread 0x00000000086ec800 nmethod 381 0x00000000024d6c10 code [0x00000000024d6d40, 0x00000000024d6d98]
Event: 6.731 Thread 0x00000000086ec800  382             com.android.dx.ssa.DomFront::run (264 bytes)

GC Heap History (4 events):
Event: 4.041 GC heap before
{Heap before GC invocations=1 (full 0):
 PSYoungGen      total 37376K, used 32256K [0x00000000eaa80000, 0x00000000ed400000, 0x0000000100000000)
  eden space 32256K, 100% used [0x00000000eaa80000,0x00000000eca00000,0x00000000eca00000)
  from space 5120K, 0% used [0x00000000ecf00000,0x00000000ecf00000,0x00000000ed400000)
  to   space 5120K, 0% used [0x00000000eca00000,0x00000000eca00000,0x00000000ecf00000)
 ParOldGen       total 84992K, used 0K [0x00000000c0000000, 0x00000000c5300000, 0x00000000eaa80000)
  object space 84992K, 0% used [0x00000000c0000000,0x00000000c0000000,0x00000000c5300000)
 PSPermGen       total 21504K, used 5568K [0x00000000bae00000, 0x00000000bc300000, 0x00000000c0000000)
  object space 21504K, 25% used [0x00000000bae00000,0x00000000bb3702e0,0x00000000bc300000)
Event: 4.186 GC heap after
Heap after GC invocations=1 (full 0):
 PSYoungGen      total 37376K, used 5095K [0x00000000eaa80000, 0x00000000ef380000, 0x0000000100000000)
  eden space 32256K, 0% used [0x00000000eaa80000,0x00000000eaa80000,0x00000000eca00000)
  from space 5120K, 99% used [0x00000000eca00000,0x00000000ecef9c78,0x00000000ecf00000)
  to   space 5120K, 0% used [0x00000000eee80000,0x00000000eee80000,0x00000000ef380000)
 ParOldGen       total 84992K, used 1732K [0x00000000c0000000, 0x00000000c5300000, 0x00000000eaa80000)
  object space 84992K, 2% used [0x00000000c0000000,0x00000000c01b1188,0x00000000c5300000)
 PSPermGen       total 21504K, used 5568K [0x00000000bae00000, 0x00000000bc300000, 0x00000000c0000000)
  object space 21504K, 25% used [0x00000000bae00000,0x00000000bb3702e0,0x00000000bc300000)
}
Event: 6.285 GC heap before
{Heap before GC invocations=2 (full 0):
 PSYoungGen      total 37376K, used 37351K [0x00000000eaa80000, 0x00000000ef380000, 0x0000000100000000)
  eden space 32256K, 100% used [0x00000000eaa80000,0x00000000eca00000,0x00000000eca00000)
  from space 5120K, 99% used [0x00000000eca00000,0x00000000ecef9c78,0x00000000ecf00000)
  to   space 5120K, 0% used [0x00000000eee80000,0x00000000eee80000,0x00000000ef380000)
 ParOldGen       total 84992K, used 1732K [0x00000000c0000000, 0x00000000c5300000, 0x00000000eaa80000)
  object space 84992K, 2% used [0x00000000c0000000,0x00000000c01b1188,0x00000000c5300000)
 PSPermGen       total 21504K, used 5635K [0x00000000bae00000, 0x00000000bc300000, 0x00000000c0000000)
  object space 21504K, 26% used [0x00000000bae00000,0x00000000bb380cd8,0x00000000bc300000)
Event: 6.507 GC heap after
Heap after GC invocations=2 (full 0):
 PSYoungGen      total 69632K, used 5107K [0x00000000eaa80000, 0x00000000ef380000, 0x0000000100000000)
  eden space 64512K, 0% used [0x00000000eaa80000,0x00000000eaa80000,0x00000000ee980000)
  from space 5120K, 99% used [0x00000000eee80000,0x00000000ef37cd18,0x00000000ef380000)
  to   space 5120K, 0% used [0x00000000ee980000,0x00000000ee980000,0x00000000eee80000)
 ParOldGen       total 84992K, used 6907K [0x00000000c0000000, 0x00000000c5300000, 0x00000000eaa80000)
  object space 84992K, 8% used [0x00000000c0000000,0x00000000c06bee18,0x00000000c5300000)
 PSPermGen       total 21504K, used 5635K [0x00000000bae00000, 0x00000000bc300000, 0x00000000c0000000)
  object space 21504K, 26% used [0x00000000bae00000,0x00000000bb380cd8,0x00000000bc300000)
}

Deoptimization events (10 events):
Event: 1.607 Thread 0x0000000002350800 Uncommon trap: reason=class_check action=maybe_recompile pc=0x00000000024c28f4 method=com.android.dx.ssa.NormalSsaInsn.accept(Lcom/android/dx/ssa/SsaInsn$Visitor;)V @ 9
Event: 1.696 Thread 0x0000000002350800 Uncommon trap: reason=null_check action=make_not_entrant pc=0x00000000024c7e78 method=com.android.dx.rop.code.LocalItem.equals(Ljava/lang/Object;)Z @ 1
Event: 1.697 Thread 0x0000000002350800 Uncommon trap: reason=null_check action=make_not_entrant pc=0x00000000024cf7cc method=com.android.dx.rop.code.LocalItem.equals(Ljava/lang/Object;)Z @ 1
Event: 2.841 Thread 0x0000000002350800 Uncommon trap: reason=unreached action=reinterpret pc=0x00000000024d6dc4 method=com.android.dx.rop.cst.Constant.compareTo(Lcom/android/dx/rop/cst/Constant;)I @ 12
Event: 3.331 Thread 0x0000000002350800 Uncommon trap: reason=class_check action=maybe_recompile pc=0x00000000024e2aa8 method=com.android.dx.rop.type.Type.equals(Ljava/lang/Object;)Z @ 8
Event: 3.334 Thread 0x0000000002350800 Uncommon trap: reason=class_check action=maybe_recompile pc=0x00000000024e2aa8 method=com.android.dx.rop.type.Type.equals(Ljava/lang/Object;)Z @ 8
Event: 3.391 Thread 0x0000000002350800 Uncommon trap: reason=class_check action=maybe_recompile pc=0x00000000024e2aa8 method=com.android.dx.rop.type.Type.equals(Ljava/lang/Object;)Z @ 8
Event: 3.636 Thread 0x0000000002350800 Uncommon trap: reason=class_check action=maybe_recompile pc=0x00000000024e2aa8 method=com.android.dx.rop.type.Type.equals(Ljava/lang/Object;)Z @ 8
Event: 4.252 Thread 0x0000000002350800 Uncommon trap: reason=null_check action=make_not_entrant pc=0x00000000025290f0 method=com.android.dx.rop.type.Type.putIntern(Lcom/android/dx/rop/type/Type;)Lcom/android/dx/rop/type/Type; @ 18
Event: 4.775 Thread 0x0000000002350800 Uncommon trap: reason=null_check action=make_not_entrant pc=0x00000000024d83b8 method=com.android.dx.ssa.SsaRenamer.getLocalForNewReg(I)Lcom/android/dx/rop/code/LocalItem; @ 19

Internal exceptions (10 events):
Event: 1.697 Thread 0x0000000002350800 Implicit null exception at 0x00000000024cf00c to 0x00000000024cf7b1
