#
# There is insufficient memory for the Java Runtime Environment to continue.
# Native memory allocation (malloc) failed to allocate 84912 bytes for Chunk::new
# Possible reasons:
#   The system is out of physical RAM or swap space
#   In 32 bit mode, the process size limit was hit
# Possible solutions:
#   Reduce memory load on the system
#   Increase physical memory or swap space
#   Check if swap backing store is full
#   Use 64 bit Java on a 64 bit OS
#   Decrease Java heap size (-Xmx/-Xms)
#   Decrease number of Java threads
#   Decrease Java thread stack sizes (-Xss)
#   Set larger code cache with -XX:ReservedCodeCacheSize=
# This output file may be truncated or incomplete.
#
#  Out of Memory Error (allocation.cpp:323), pid=7296, tid=3536
#
# JRE version: Java(TM) SE Runtime Environment (7.0_76-b13) (build 1.7.0_76-b13)
# Java VM: Java HotSpot(TM) 64-Bit Server VM (24.76-b04 mixed mode windows-amd64 compressed oops)
# Failed to write core dump. Minidumps are not enabled by default on client versions of Windows
#

---------------  T H R E A D  ---------------

Current thread (0x00000000024c7000):  JavaThread "C2 CompilerThread1" daemon [_thread_in_native, id=3536, stack(0x000000000ae90000,0x000000000af90000)]

Stack: [0x000000000ae90000,0x000000000af90000]

Current CompileTask:
C2:   2180  193             com.android.dx.ssa.SCCP::run (298 bytes)


---------------  P R O C E S S  ---------------

Java Threads: ( => current thread )
  0x000000000a8c5800 JavaThread "pool-1-thread-4" [_thread_in_vm, id=5144, stack(0x000000000b590000,0x000000000b690000)]
  0x000000000a8c4800 JavaThread "pool-1-thread-3" [_thread_blocked, id=5132, stack(0x000000000b490000,0x000000000b590000)]
  0x000000000a869800 JavaThread "pool-1-thread-2" [_thread_in_vm, id=4108, stack(0x000000000b390000,0x000000000b490000)]
  0x000000000a867800 JavaThread "pool-2-thread-1" [_thread_blocked, id=6824, stack(0x000000000b290000,0x000000000b390000)]
  0x000000000a7e7000 JavaThread "pool-1-thread-1" [_thread_blocked, id=7568, stack(0x000000000b190000,0x000000000b290000)]
  0x00000000024c8000 JavaThread "Service Thread" daemon [_thread_blocked, id=5212, stack(0x000000000af90000,0x000000000b090000)]
=>0x00000000024c7000 JavaThread "C2 CompilerThread1" daemon [_thread_in_native, id=3536, stack(0x000000000ae90000,0x000000000af90000)]
  0x000000000a7b0800 JavaThread "C2 CompilerThread0" daemon [_thread_in_native, id=8076, stack(0x000000000ad90000,0x000000000ae90000)]
  0x00000000024c6000 JavaThread "Attach Listener" daemon [_thread_blocked, id=7516, stack(0x000000000ac90000,0x000000000ad90000)]
  0x00000000024c1000 JavaThread "Signal Dispatcher" daemon [_thread_blocked, id=7844, stack(0x000000000ab90000,0x000000000ac90000)]
  0x00000000087d1800 JavaThread "Finalizer" daemon [_thread_blocked, id=7432, stack(0x000000000a690000,0x000000000a790000)]
  0x00000000087cb000 JavaThread "Reference Handler" daemon [_thread_blocked, id=3424, stack(0x000000000a590000,0x000000000a690000)]
  0x00000000023d0800 JavaThread "main" [_thread_in_Java, id=1528, stack(0x0000000002290000,0x0000000002390000)]

Other Threads:
  0x00000000087c6000 VMThread [stack: 0x000000000a490000,0x000000000a590000] [id=7640]
  0x00000000024ce000 WatcherThread [stack: 0x000000000b090000,0x000000000b190000] [id=2628]

VM state:not at safepoint (normal execution)

VM Mutex/Monitor currently owned by a thread: None

Heap
 PSYoungGen      total 37376K, used 9780K [0x00000000eaa80000, 0x00000000ed400000, 0x0000000100000000)
  eden space 32256K, 14% used [0x00000000eaa80000,0x00000000eaf0fe08,0x00000000eca00000)
  from space 5120K, 99% used [0x00000000eca00000,0x00000000ecefd208,0x00000000ecf00000)
  to   space 5120K, 0% used [0x00000000ecf00000,0x00000000ecf00000,0x00000000ed400000)
 ParOldGen       total 84992K, used 1446K [0x00000000c0000000, 0x00000000c5300000, 0x00000000eaa80000)
  object space 84992K, 1% used [0x00000000c0000000,0x00000000c01698f0,0x00000000c5300000)
 PSPermGen       total 21504K, used 5738K [0x00000000bae00000, 0x00000000bc300000, 0x00000000c0000000)
  object space 21504K, 26% used [0x00000000bae00000,0x00000000bb39aab8,0x00000000bc300000)

Card table byte_map: [0x0000000005590000,0x00000000057c0000] byte_map_base: 0x0000000004fb9000

Polling page: 0x0000000000500000

Code Cache  [0x00000000024d0000, 0x0000000002740000, 0x00000000054d0000)
 total_blobs=434 nmethods=197 adapters=189 free_code_cache=48307Kb largest_free_block=49433600

Compilation events (10 events):
Event: 1.681 Thread 0x00000000024c7000 nmethod 192 0x0000000002599f90 code [0x000000000259a0e0, 0x000000000259a258]
Event: 1.681 Thread 0x00000000024c7000  193             com.android.dx.ssa.SCCP::run (298 bytes)
Event: 1.750 Thread 0x000000000a7b0800 nmethod 172 0x00000000025a0c10 code [0x00000000025a0fe0, 0x00000000025a3298]
Event: 1.750 Thread 0x000000000a7b0800  194             com.android.dx.ssa.SCCP::simulateBranch (666 bytes)
Event: 2.170 Thread 0x000000000a7b0800 nmethod 194 0x00000000025a7ed0 code [0x00000000025a8160, 0x00000000025a9450]
Event: 2.171 Thread 0x000000000a7b0800  195             com.android.dx.util.Bits::makeBitSet (11 bytes)
Event: 2.171 Thread 0x000000000a7b0800 nmethod 195 0x0000000002582150 code [0x00000000025822a0, 0x0000000002582378]
Event: 2.172 Thread 0x000000000a7b0800  196   !         com.android.dx.ssa.BasicRegisterMapper::map (44 bytes)
Event: 2.173 Thread 0x000000000a7b0800 nmethod 196 0x0000000002598a10 code [0x0000000002598b60, 0x0000000002598c68]
Event: 2.173 Thread 0x000000000a7b0800  197             com.android.dx.ssa.DeadCodeRemover::pruneDeadInstructions (246 bytes)

GC Heap History (2 events):
Event: 1.949 GC heap before
{Heap before GC invocations=1 (full 0):
 PSYoungGen      total 37376K, used 32256K [0x00000000eaa80000, 0x00000000ed400000, 0x0000000100000000)
  eden space 32256K, 100% used [0x00000000eaa80000,0x00000000eca00000,0x00000000eca00000)
  from space 5120K, 0% used [0x00000000ecf00000,0x00000000ecf00000,0x00000000ed400000)
  to   space 5120K, 0% used [0x00000000eca00000,0x00000000eca00000,0x00000000ecf00000)
 ParOldGen       total 84992K, used 0K [0x00000000c0000000, 0x00000000c5300000, 0x00000000eaa80000)
  object space 84992K, 0% used [0x00000000c0000000,0x00000000c0000000,0x00000000c5300000)
 PSPermGen       total 21504K, used 5726K [0x00000000bae00000, 0x00000000bc300000, 0x00000000c0000000)
  object space 21504K, 26% used [0x00000000bae00000,0x00000000bb397838,0x00000000bc300000)
Event: 2.138 GC heap after
Heap after GC invocations=1 (full 0):
 PSYoungGen      total 37376K, used 5108K [0x00000000eaa80000, 0x00000000ed400000, 0x0000000100000000)
  eden space 32256K, 0% used [0x00000000eaa80000,0x00000000eaa80000,0x00000000eca00000)
  from space 5120K, 99% used [0x00000000eca00000,0x00000000ecefd208,0x00000000ecf00000)
  to   space 5120K, 0% used [0x00000000ecf00000,0x00000000ecf00000,0x00000000ed400000)
 ParOldGen       total 84992K, used 1446K [0x00000000c0000000, 0x00000000c5300000, 0x00000000eaa80000)
  object space 84992K, 1% used [0x00000000c0000000,0x00000000c01698f0,0x00000000c5300000)
 PSPermGen       total 21504K, used 5726K [0x00000000bae00000, 0x00000000bc300000, 0x00000000c0000000)
  object space 21504K, 26% used [0x00000000bae00000,0x00000000bb397838,0x00000000bc300000)
}

Deoptimization events (10 events):
Event: 0.997 Thread 0x000000000a8c5800 Uncommon trap: reason=class_check action=maybe_recompile pc=0x0000000002545340 method=com.android.dx.ssa.NormalSsaInsn.accept(Lcom/android/dx/ssa/SsaInsn$Visitor;)V @ 9
Event: 1.003 Thread 0x000000000a7e7000 Uncommon trap: reason=null_check action=make_not_entrant pc=0x000000000254fab4 method=com.android.dx.rop.code.LocalItem.equals(Ljava/lang/Object;)Z @ 1
Event: 1.007 Thread 0x000000000a8c5800 Uncommon trap: reason=class_check action=maybe_recompile pc=0x0000000002545340 method=com.android.dx.ssa.NormalSsaInsn.accept(Lcom/android/dx/ssa/SsaInsn$Visitor;)V @ 9
Event: 1.010 Thread 0x000000000a8c5800 Uncommon trap: reason=class_check action=maybe_recompile pc=0x0000000002545340 method=com.android.dx.ssa.NormalSsaInsn.accept(Lcom/android/dx/ssa/SsaInsn$Visitor;)V @ 9
Event: 1.147 Thread 0x00000000023d0800 Uncommon trap: reason=bimorphic action=maybe_recompile pc=0x000000000255a904 method=com.android.dx.ssa.NormalSsaInsn.accept(Lcom/android/dx/ssa/SsaInsn$Visitor;)V @ 9
Event: 1.147 Thread 0x00000000023d0800 Uncommon trap: reason=bimorphic action=maybe_recompile pc=0x000000000255a904 method=com.android.dx.ssa.NormalSsaInsn.accept(Lcom/android/dx/ssa/SsaInsn$Visitor;)V @ 9
Event: 1.149 Thread 0x00000000023d0800 Uncommon trap: reason=bimorphic action=maybe_recompile pc=0x000000000255a904 method=com.android.dx.ssa.NormalSsaInsn.accept(Lcom/android/dx/ssa/SsaInsn$Visitor;)V @ 9
Event: 1.151 Thread 0x00000000023d0800 Uncommon trap: reason=bimorphic action=maybe_recompile pc=0x000000000255a904 method=com.android.dx.ssa.NormalSsaInsn.accept(Lcom/android/dx/ssa/SsaInsn$Visitor;)V @ 9
Event: 1.279 Thread 0x000000000a8c4800 Uncommon trap: reason=null_check action=make_not_entrant pc=0x000000000256164c method=com.android.dx.ssa.SsaRenamer.getLocalForNewReg(I)Lcom/android/dx/rop/code/LocalItem; @ 19
Event: 1.280 Thread 0x000000000a8c4800 Uncommon trap: reason=null_check action=make_not_entrant pc=0x0000000002566e34 method=com.android.dx.ssa.SsaRenamer.getLocalForNewReg(I)Lcom/android/dx/rop/code/LocalItem; @ 19

Internal exceptions (10 events):
Event: 0.649 Thread 0x000000000a8c4800 Threw 0x00000000eb292ab0 at C:\re\jdk7u76\1941\hotspot\src\share\vm\prims\jvm.cpp:1304
Event: 0.649 Thread 0x000000000a8c5800 Threw 0x00000000eb1b78d0 at C:\re\jdk7u76\1941\hotspot\src\share\vm\prims\jvm.cpp:1304
Event: 0.652 Thread 0x000000000a869800 Threw 0x00000000eb158d80 at C:\re\jdk7u76\1941\hotspot\src\share\vm\prims\jvm.cpp:1304
Event: 0.659 Thread 0x000000000a869800 Threw 0x00000000eb15ec20 at C:\re\jdk7u76\1941\hotspot\src\share\vm\prims\jvm.cpp:1304
Event: 0.757 Thread 0x000000000a869800 Threw 0x00000000eb59e520 at C:\re\jdk7u76\1941\hotspot\src\share\vm\prims\jvm.cpp:1304
Event: 0.769 Thread 0x00000000023d0800 Threw 0x00000000eb6c28d0 at C:\re\jdk7u76\1941\hotspot\src\share\vm\prims\jvm.cpp:1304
Event: 0.772 Thread 0x00000000023d0800 Threw 0x00000000eb6c4b38 at C:\re\jdk7u76\1941\hotspot\src\share\vm\prims\jvm.cpp:1304
Event: 1.003 Thread 0x000000000a7e7000 Implicit null exception at 0x000000000254f839 to 0x000000000254fa9d
Event: 1.279 Thread 0x000000000a8c4800 Implicit null exception at 0x0000000002560156 to 0x0000000002561625
Event: 1.280 Thread 0x000000000a8c4800 Implicit null exception at 0x00000000025658ad to 0x0000000002566e09

Events (10 events):
Event: 1.151 Thread 0x00000000023d0800 DEOPT PACKING pc=0x000000000255a904 sp=0x000000000238e240
Event: 1.151 Thread 0x00000000023d0800 DEOPT UNPACKING pc=0x00000000025075a4 sp=0x000000000238e1a0 mode 2
Event: 1.279 Thread 0x000000000a8c4800 Uncommon trap: trap_request=0xfffffff4 fr.pc=0x000000000256164c
Event: 1.279 Thread 0x000000000a8c4800 DEOPT PACKING pc=0x000000000256164c sp=0x000000000b58e5c0
Event: 1.279 Thread 0x000000000a8c4800 DEOPT UNPACKING pc=0x00000000025075a4 sp=0x000000000b58e3f8 mode 2
Event: 1.280 Thread 0x000000000a8c4800 Uncommon trap: trap_request=0xfffffff4 fr.pc=0x0000000002566e34
Event: 1.280 Thread 0x000000000a8c4800 DEOPT PACKING pc=0x0000000002566e34 sp=0x000000000b58e560
Event: 1.280 Thread 0x000000000a8c4800 DEOPT UNPACKING pc=0x00000000025075a4 sp=0x000000000b58e3f8 mode 2
Event: 1.758 Executing VM operation: ParallelGCFailedAllocation
Event: 2.138 Executing VM operation: ParallelGCFailedAllocation done


Dynamic libraries:
0x00007ff7d9580000 - 0x00007ff7d95b3000 	C:\Program Files\Java\jdk1.7.0_76\bin\java.exe
0x00007ffb33760000 - 0x00007ffb3390c000 	C:\WINDOWS\SYSTEM32\ntdll.dll
0x00007ffb32970000 - 0x00007ffb32aae000 	C:\WINDOWS\system32\KERNEL32.DLL
0x00007ffb30cd0000 - 0x00007ffb30de5000 	C:\WINDOWS\system32\KERNELBASE.dll
0x00007ffb2ee60000 - 0x00007ffb2eeee000 	C:\WINDOWS\system32\apphelp.dll
0x00007ffb26500000 - 0x00007ffb26553000 	C:\WINDOWS\AppPatch\AppPatch64\AcGenral.DLL
0x00007ffb32660000 - 0x00007ffb3270a000 	C:\WINDOWS\system32\msvcrt.dll
0x00007ffb30730000 - 0x00007ffb3075e000 	C:\WINDOWS\SYSTEM32\SspiCli.dll
0x00007ffb32910000 - 0x00007ffb32964000 	C:\WINDOWS\system32\SHLWAPI.dll
0x00007ffb324e0000 - 0x00007ffb32657000 	C:\WINDOWS\system32\USER32.dll
0x00007ffb33470000 - 0x00007ffb33604000 	C:\WINDOWS\system32\ole32.dll
0x00007ffb30fc0000 - 0x00007ffb324d9000 	C:\WINDOWS\system32\SHELL32.dll
0x00007ffb2feb0000 - 0x00007ffb2fed1000 	C:\WINDOWS\SYSTEM32\USERENV.dll
0x00007ffb32860000 - 0x00007ffb3290a000 	C:\WINDOWS\system32\ADVAPI32.dll
0x00007ffb28650000 - 0x00007ffb2866e000 	C:\WINDOWS\SYSTEM32\MPR.dll
0x00007ffb32d70000 - 0x00007ffb32eb1000 	C:\WINDOWS\system32\RPCRT4.dll
0x00007ffb33410000 - 0x00007ffb33469000 	C:\WINDOWS\SYSTEM32\sechost.dll
0x00007ffb330c0000 - 0x00007ffb332d1000 	C:\WINDOWS\SYSTEM32\combase.dll
0x00007ffb32710000 - 0x00007ffb3285f000 	C:\WINDOWS\system32\GDI32.dll
0x00007ffb308c0000 - 0x00007ffb308d5000 	C:\WINDOWS\SYSTEM32\profapi.dll
0x00007ffb2e830000 - 0x00007ffb2e8e2000 	C:\WINDOWS\SYSTEM32\SHCORE.dll
0x00007ffb32ed0000 - 0x00007ffb32f06000 	C:\WINDOWS\system32\IMM32.DLL
0x00007ffb30df0000 - 0x00007ffb30f42000 	C:\WINDOWS\system32\MSCTF.dll
0x00007ffb30880000 - 0x00007ffb308af000 	C:\Windows\system32\nvinitx.dll
0x000000000f000000 - 0x000000000f006000 	C:\Program Files\NVIDIA Corporation\CoProcManager\detoured.dll
0x00007ffb2e520000 - 0x00007ffb2e57f000 	C:\Program Files\NVIDIA Corporation\CoProcManager\nvd3d9wrapx.dll
0x00007ffb32b90000 - 0x00007ffb32d6a000 	C:\WINDOWS\system32\SETUPAPI.dll
0x00007ffb30990000 - 0x00007ffb309df000 	C:\WINDOWS\system32\CFGMGR32.dll
0x00007ffb2e470000 - 0x00007ffb2e4b6000 	C:\Program Files\NVIDIA Corporation\CoProcManager\nvdxgiwrapx.dll
0x00007ffb2f9c0000 - 0x00007ffb2fc3a000 	C:\WINDOWS\WinSxS\amd64_microsoft.windows.common-controls_6595b64144ccf1df_6.0.9600.17810_none_6240b9c7ecbd0bda\COMCTL32.dll
0x0000000075410000 - 0x00000000754e2000 	C:\Program Files\Java\jdk1.7.0_76\jre\bin\msvcr100.dll
0x0000000075870000 - 0x0000000076045000 	C:\Program Files\Java\jdk1.7.0_76\jre\bin\server\jvm.dll
0x00007ffb0bc60000 - 0x00007ffb0bc69000 	C:\WINDOWS\SYSTEM32\WSOCK32.dll
0x00007ffb2cc50000 - 0x00007ffb2cc72000 	C:\WINDOWS\SYSTEM32\WINMM.dll
0x00007ffb33750000 - 0x00007ffb33757000 	C:\WINDOWS\system32\PSAPI.DLL
0x00007ffb336f0000 - 0x00007ffb3374a000 	C:\WINDOWS\system32\WS2_32.dll
0x00007ffb2cc20000 - 0x00007ffb2cc4a000 	C:\WINDOWS\SYSTEM32\WINMMBASE.dll
0x00007ffb30fb0000 - 0x00007ffb30fb9000 	C:\WINDOWS\system32\NSI.dll
0x00007ffb2f0b0000 - 0x00007ffb2f0d8000 	C:\WINDOWS\SYSTEM32\DEVOBJ.dll
0x0000000050700000 - 0x000000005070f000 	C:\Program Files\Java\jdk1.7.0_76\jre\bin\verify.dll
0x00000000506d0000 - 0x00000000506f8000 	C:\Program Files\Java\jdk1.7.0_76\jre\bin\java.dll
0x00000000506b0000 - 0x00000000506c5000 	C:\Program Files\Java\jdk1.7.0_76\jre\bin\zip.dll
0x0000000050690000 - 0x00000000506aa000 	C:\Program Files\Java\jdk1.7.0_76\jre\bin\net.dll
0x00007ffb30170000 - 0x00007ffb301c9000 	C:\WINDOWS\system32\mswsock.dll
0x0000000050670000 - 0x0000000050681000 	C:\Program Files\Java\jdk1.7.0_76\jre\bin\nio.dll

VM Arguments:
jvm_args: -Xmx1024M -Dfile.encoding=windows-1252 -Duser.country=DE -Duser.language=de -Duser.variant 
java_command: com.android.dx.command.Main --dex --num-threads=4 --output D:\Dropbox_Data\Dropbox\apk\drawer\cheesesquare\app\build\intermediates\pre-dexed\debug\library-1.0.18-79795a4dd1f4340e3a8f08de6c498e0821b6f209.jar C:\Users\CH\.gradle\caches\modules-2\files-2.1\com.mcxiaoke.volley\library\1.0.18\38da306aafee11459cd935a01d2c92a98dc670a4\library-1.0.18.jar
Launcher Type: SUN_STANDARD

Environment Variables:
PATH=C:\ProgramData\Oracle\Java\javapath;C:\Program Files (x86)\Business Objects\Common\3.5\bin\NOTES\;C:\Program Files (x86)\Business Objects\Common\3.5\bin\NOTES\DATA\;C:\WINDOWS\system32;C:\WINDOWS;C:\WINDOWS\System32\Wbem;C:\WINDOWS\System32\WindowsPowerShell\v1.0\;C:\Program Files\Intel\WiFi\bin\;C:\Program Files\Common Files\Intel\WirelessCommon\;C:\Program Files\Intel\WiFi\bin\;C:\Program Files\Common Files\Intel\WirelessCommon\
USERNAME=CH
OS=Windows_NT
PROCESSOR_IDENTIFIER=Intel64 Family 6 Model 42 Stepping 7, GenuineIntel



---------------  S Y S T E M  ---------------

OS: Windows 8.1 , 64 bit Build 9600 

CPU:total 8 (4 cores per cpu, 2 threads per core) family 6 model 42 stepping 7, cmov, cx8, fxsr, mmx, sse, sse2, sse3, ssse3, sse4.1, sse4.2, popcnt, avx, aes, ht, tsc, tscinvbit

Memory: 4k page, physical 8156192k(2253648k free), swap 8287264k(13340k free)

vm_info: Java HotSpot(TM) 64-Bit Server VM (24.76-b04) for windows-amd64 JRE (1.7.0_76-b13), built on Dec 18 2014 16:31:25 by "java_re" with unknown MS VC++:1600

time: Sun Sep 06 11:30:16 2015
elapsed time: 2 seconds

