#
# There is insufficient memory for the Java Runtime Environment to continue.
# Native memory allocation (malloc) failed to allocate 1048576 bytes for AllocateHeap
# Possible reasons:
#   The system is out of physical RAM or swap space
#   In 32 bit mode, the process size limit was hit
# Possible solutions:
#   Reduce memory load on the system
#   Increase physical memory or swap space
#   Check if swap backing store is full
#   Use 64 bit Java on a 64 bit OS
#   Decrease Java heap size (-Xmx/-Xms)
#   Decrease number of Java threads
#   Decrease Java thread stack sizes (-Xss)
#   Set larger code cache with -XX:ReservedCodeCacheSize=
# This output file may be truncated or incomplete.
#
#  Out of Memory Error (memory/allocation.inline.hpp:61), pid=9796, tid=6684
#
# JRE version:  (7.0_76-b13) (build )
# Java VM: Java HotSpot(TM) 64-Bit Server VM (24.76-b04 mixed mode windows-amd64 compressed oops)
# Failed to write core dump. Minidumps are not enabled by default on client versions of Windows
#

---------------  T H R E A D  ---------------

Current thread (0x0000000002150800):  JavaThread "Unknown thread" [_thread_in_vm, id=6684, stack(0x0000000002050000,0x0000000002150000)]

Stack: [0x0000000002050000,0x0000000002150000]

---------------  P R O C E S S  ---------------

Java Threads: ( => current thread )

Other Threads:

=>0x0000000002150800 (exited) JavaThread "Unknown thread" [_thread_in_vm, id=6684, stack(0x0000000002050000,0x0000000002150000)]

VM state:not at safepoint (normal execution)

VM Mutex/Monitor currently owned by a thread: None

Heap
 PSYoungGen      total 37376K, used 645K [0x00000000eaa80000, 0x00000000ed400000, 0x0000000100000000)
  eden space 32256K, 2% used [0x00000000eaa80000,0x00000000eab214d0,0x00000000eca00000)
  from space 5120K, 0% used [0x00000000ecf00000,0x00000000ecf00000,0x00000000ed400000)
  to   space 5120K, 0% used [0x00000000eca00000,0x00000000eca00000,0x00000000ecf00000)
 ParOldGen       total 84992K, used 0K [0x00000000c0000000, 0x00000000c5300000, 0x00000000eaa80000)
  object space 84992K, 0% used [0x00000000c0000000,0x00000000c0000000,0x00000000c5300000)
 PSPermGen       total 21504K, used 697K [0x00000000bae00000, 0x00000000bc300000, 0x00000000c0000000)
  object space 21504K, 3% used [0x00000000bae00000,0x00000000baeae588,0x00000000bc300000)

Card table byte_map: [0x0000000005310000,0x0000000005540000] byte_map_base: 0x0000000004d39000

Polling page: 0x0000000001f90000

Code Cache  [0x0000000002250000, 0x00000000024c0000, 0x0000000005250000)
 total_blobs=38 nmethods=0 adapters=20 free_code_cache=48889Kb largest_free_block=50062528

Compilation events (0 events):
No events

GC Heap History (0 events):
No events

Deoptimization events (0 events):
No events

Internal exceptions (0 events):
No events

Events (10 events):
Event: 0.022 loading class 0x000000000219f480
Event: 0.023 loading class 0x000000000219f480 done
Event: 0.023 loading class 0x000000000219f4d0
Event: 0.023 loading class 0x000000000219f4d0 done
Event: 0.023 loading class 0x000000000219f520
Event: 0.023 loading class 0x000000000219f520 done
Event: 0.024 loading class 0x00000000021a02a0
Event: 0.024 loading class 0x00000000021a02a0 done
Event: 0.024 loading class 0x000000000219fec0
Event: 0.024 loading class 0x000000000219fec0 done


Dynamic libraries:
0x00007ff732700000 - 0x00007ff732733000 	C:\Program Files\Java\jdk1.7.0_76\bin\java.exe
0x00007ff8b1db0000 - 0x00007ff8b1f5c000 	C:\WINDOWS\SYSTEM32\ntdll.dll
0x00007ff8af690000 - 0x00007ff8af7ce000 	C:\WINDOWS\system32\KERNEL32.DLL
0x00007ff8af1b0000 - 0x00007ff8af2c5000 	C:\WINDOWS\system32\KERNELBASE.dll
0x00007ff8ad4a0000 - 0x00007ff8ad52e000 	C:\WINDOWS\system32\apphelp.dll
0x00007ff894050000 - 0x00007ff8940a3000 	C:\WINDOWS\AppPatch\AppPatch64\AcGenral.DLL
0x00007ff8b05d0000 - 0x00007ff8b067a000 	C:\WINDOWS\system32\msvcrt.dll
0x00007ff8aed00000 - 0x00007ff8aed2e000 	C:\WINDOWS\SYSTEM32\SspiCli.dll
0x00007ff8afc30000 - 0x00007ff8afc84000 	C:\WINDOWS\system32\SHLWAPI.dll
0x00007ff8af450000 - 0x00007ff8af5c7000 	C:\WINDOWS\system32\USER32.dll
0x00007ff8b0680000 - 0x00007ff8b0814000 	C:\WINDOWS\system32\ole32.dll
0x00007ff8b0890000 - 0x00007ff8b1da8000 	C:\WINDOWS\system32\SHELL32.dll
0x00007ff8ae590000 - 0x00007ff8ae5b1000 	C:\WINDOWS\SYSTEM32\USERENV.dll
0x00007ff8b0380000 - 0x00007ff8b042a000 	C:\WINDOWS\system32\ADVAPI32.dll
0x00007ff89a960000 - 0x00007ff89a97e000 	C:\WINDOWS\SYSTEM32\MPR.dll
0x00007ff8afcd0000 - 0x00007ff8afe11000 	C:\WINDOWS\system32\RPCRT4.dll
0x00007ff8af5d0000 - 0x00007ff8af629000 	C:\WINDOWS\SYSTEM32\sechost.dll
0x00007ff8b0160000 - 0x00007ff8b0371000 	C:\WINDOWS\SYSTEM32\combase.dll
0x00007ff8afad0000 - 0x00007ff8afc21000 	C:\WINDOWS\system32\GDI32.dll
0x00007ff8aef00000 - 0x00007ff8aef15000 	C:\WINDOWS\SYSTEM32\profapi.dll
0x00007ff8ace70000 - 0x00007ff8acf22000 	C:\WINDOWS\SYSTEM32\SHCORE.dll
0x00007ff8afc90000 - 0x00007ff8afcc6000 	C:\WINDOWS\system32\IMM32.DLL
0x00007ff8afe30000 - 0x00007ff8aff82000 	C:\WINDOWS\system32\MSCTF.dll
0x00007ff8aeec0000 - 0x00007ff8aeeef000 	C:\Windows\system32\nvinitx.dll
0x000000000f000000 - 0x000000000f006000 	C:\Program Files\NVIDIA Corporation\CoProcManager\detoured.dll
0x00007ff8abd80000 - 0x00007ff8abddf000 	C:\Program Files\NVIDIA Corporation\CoProcManager\nvd3d9wrapx.dll
0x00007ff8af8f0000 - 0x00007ff8afaca000 	C:\WINDOWS\system32\SETUPAPI.dll
0x00007ff8af3e0000 - 0x00007ff8af42f000 	C:\WINDOWS\system32\CFGMGR32.dll
0x00007ff8ac6a0000 - 0x00007ff8ac6e6000 	C:\Program Files\NVIDIA Corporation\CoProcManager\nvdxgiwrapx.dll
0x00007ff8adf90000 - 0x00007ff8ae20a000 	C:\WINDOWS\WinSxS\amd64_microsoft.windows.common-controls_6595b64144ccf1df_6.0.9600.17810_none_6240b9c7ecbd0bda\COMCTL32.dll
0x000000005e0a0000 - 0x000000005e172000 	C:\Program Files\Java\jdk1.7.0_76\jre\bin\msvcr100.dll
0x000000005e570000 - 0x000000005ed45000 	C:\Program Files\Java\jdk1.7.0_76\jre\bin\server\jvm.dll
0x00007ff899640000 - 0x00007ff899649000 	C:\WINDOWS\SYSTEM32\WSOCK32.dll
0x00007ff8ab0a0000 - 0x00007ff8ab0c2000 	C:\WINDOWS\SYSTEM32\WINMM.dll
0x00007ff8b0140000 - 0x00007ff8b0147000 	C:\WINDOWS\system32\PSAPI.DLL
0x00007ff8af890000 - 0x00007ff8af8ea000 	C:\WINDOWS\system32\WS2_32.dll
0x00007ff8ab070000 - 0x00007ff8ab09a000 	C:\WINDOWS\SYSTEM32\WINMMBASE.dll
0x00007ff8b0150000 - 0x00007ff8b0159000 	C:\WINDOWS\system32\NSI.dll
0x00007ff8ad6f0000 - 0x00007ff8ad718000 	C:\WINDOWS\SYSTEM32\DEVOBJ.dll
0x0000000060200000 - 0x000000006020f000 	C:\Program Files\Java\jdk1.7.0_76\jre\bin\verify.dll
0x00000000601d0000 - 0x00000000601f8000 	C:\Program Files\Java\jdk1.7.0_76\jre\bin\java.dll
0x00000000601b0000 - 0x00000000601c5000 	C:\Program Files\Java\jdk1.7.0_76\jre\bin\zip.dll

VM Arguments:
jvm_args: -Xmx1024M -Dfile.encoding=windows-1252 -Duser.country=DE -Duser.language=de -Duser.variant 
java_command: com.android.dx.command.Main --dex --output D:\Dropbox_Data\Dropbox\apk\drawer\cheesesquare\app\build\intermediates\pre-dexed\debug\internal_impl-22.2.0-9ff91b1bd8197751c774720776bbd0065608b314.jar D:\Dropbox_Data\Dropbox\apk\drawer\cheesesquare\app\build\intermediates\exploded-aar\com.android.support\support-v4\22.2.0\jars\libs\internal_impl-22.2.0.jar
Launcher Type: SUN_STANDARD

Environment Variables:
PATH=C:\ProgramData\Oracle\Java\javapath;C:\Program Files (x86)\Business Objects\Common\3.5\bin\NOTES\;C:\Program Files (x86)\Business Objects\Common\3.5\bin\NOTES\DATA\;C:\WINDOWS\system32;C:\WINDOWS;C:\WINDOWS\System32\Wbem;C:\WINDOWS\System32\WindowsPowerShell\v1.0\;C:\Program Files\Intel\WiFi\bin\;C:\Program Files\Common Files\Intel\WirelessCommon\;C:\Program Files\Intel\WiFi\bin\;C:\Program Files\Common Files\Intel\WirelessCommon\
USERNAME=CH
OS=Windows_NT
PROCESSOR_IDENTIFIER=Intel64 Family 6 Model 42 Stepping 7, GenuineIntel



---------------  S Y S T E M  ---------------

OS: Windows 8.1 , 64 bit Build 9600 

CPU:total 8 (4 cores per cpu, 2 threads per core) family 6 model 42 stepping 7, cmov, cx8, fxsr, mmx, sse, sse2, sse3, ssse3, sse4.1, sse4.2, popcnt, avx, aes, ht, tsc, tscinvbit

Memory: 4k page, physical 8156192k(1860164k free), swap 8287264k(5444k free)

vm_info: Java HotSpot(TM) 64-Bit Server VM (24.76-b04) for windows-amd64 JRE (1.7.0_76-b13), built on Dec 18 2014 16:31:25 by "java_re" with unknown MS VC++:1600

time: Mon Jun 22 21:18:40 2015
elapsed time: 0 seconds

